#
# There is insufficient memory for the Java Runtime Environment to continue.
# Native memory allocation (malloc) failed to allocate 729296 bytes for Chunk::new
# Possible reasons:
#   The system is out of physical RAM or swap space
#   The process is running with CompressedOops enabled, and the Java Heap may be blocking the growth of the native heap
# Possible solutions:
#   Reduce memory load on the system
#   Increase physical memory or swap space
#   Check if swap backing store is full
#   Decrease Java heap size (-Xmx/-Xms)
#   Decrease number of Java threads
#   Decrease Java thread stack sizes (-Xss)
#   Set larger code cache with -XX:ReservedCodeCacheSize=
#   JVM is running with Unscaled Compressed Oops mode in which the Java heap is
#     placed in the first 4GB address space. The Java Heap base address is the
#     maximum limit for the native heap growth. Please use -XX:HeapBaseMinAddress
#     to set the Java Heap base and to place the Java Heap above 4GB virtual address.
# This output file may be truncated or incomplete.
#
#  Out of Memory Error (allocation.cpp:389), pid=4460, tid=0x00000000000007f0
#
# JRE version: OpenJDK Runtime Environment (8.0_242-b01) (build 1.8.0_242-release-1644-b01)
# Java VM: OpenJDK 64-Bit Server VM (25.242-b01 mixed mode windows-amd64 compressed oops)
# Failed to write core dump. Minidumps are not enabled by default on client versions of Windows
#

---------------  T H R E A D  ---------------

Current thread (0x0000000017ca0800):  JavaThread "C2 CompilerThread1" daemon [_thread_in_native, id=2032, stack(0x00000000193b0000,0x00000000194b0000)]

Stack: [0x00000000193b0000,0x00000000194b0000]
[error occurred during error reporting (printing stack bounds), id 0xc0000005]

Native frames: (J=compiled Java code, j=interpreted, Vv=VM code, C=native code)


Current CompileTask:
C2:  51261 21853       4       org.gradle.internal.snapshot.SnapshotUtil::getMetadataFromChildren (317 bytes)


---------------  P R O C E S S  ---------------

Java Threads: ( => current thread )
  0x000000001f9f0000 JavaThread "Cache worker for execution history cache (C:\Users\admin\AndroidStudioProjects\MyApplication2\.gradle\6.5\executionHistory)" [_thread_blocked, id=12164, stack(0x000000002c290000,0x000000002c390000)]
  0x000000001f9ee000 JavaThread "Execution worker for ':' Thread 3" [_thread_blocked, id=14952, stack(0x000000002c090000,0x000000002c190000)]
  0x000000001f9e8800 JavaThread "Execution worker for ':' Thread 2" [_thread_blocked, id=8756, stack(0x000000002bf90000,0x000000002c090000)]
  0x000000001f9eb000 JavaThread "Execution worker for ':'" [_thread_blocked, id=14452, stack(0x000000002bc90000,0x000000002bd90000)]
  0x000000001f9ed000 JavaThread "Cache worker for file content cache (C:\Users\admin\AndroidStudioProjects\MyApplication2\.gradle\6.5\fileContent)" [_thread_blocked, id=2800, stack(0x000000002b590000,0x000000002b690000)]
  0x000000001f9ee800 JavaThread "Memory manager" [_thread_blocked, id=14172, stack(0x000000002a4e0000,0x000000002a5e0000)]
  0x0000000020bf6000 JavaThread "pool-1-thread-1" [_thread_blocked, id=924, stack(0x000000002a690000,0x000000002a790000)]
  0x0000000020bf5800 JavaThread "Cache worker for Build Output Cleanup Cache (C:\Users\admin\AndroidStudioProjects\MyApplication2\.gradle\buildOutputCleanup)" [_thread_blocked, id=11856, stack(0x0000000029fe0000,0x000000002a0e0000)]
  0x0000000020bf4800 JavaThread "jar transforms Thread 115" [_thread_blocked, id=15776, stack(0x0000000029ce0000,0x0000000029de0000)]
  0x0000000020bf7800 JavaThread "jar transforms Thread 114" [_thread_blocked, id=9440, stack(0x0000000029be0000,0x0000000029ce0000)]
  0x0000000020bf4000 JavaThread "jar transforms Thread 113" [_thread_blocked, id=16748, stack(0x0000000029ae0000,0x0000000029be0000)]
  0x0000000020bf3000 JavaThread "jar transforms Thread 112" [_thread_blocked, id=3120, stack(0x00000000299e0000,0x0000000029ae0000)]
  0x0000000020bf7000 JavaThread "jar transforms Thread 111" [_thread_blocked, id=16900, stack(0x00000000298e0000,0x00000000299e0000)]
  0x0000000020beb800 JavaThread "jar transforms Thread 110" [_thread_blocked, id=12260, stack(0x00000000297e0000,0x00000000298e0000)]
  0x0000000020bef800 JavaThread "jar transforms Thread 109" [_thread_blocked, id=2040, stack(0x00000000296e0000,0x00000000297e0000)]
  0x0000000020bf2800 JavaThread "jar transforms Thread 108" [_thread_blocked, id=14648, stack(0x00000000295e0000,0x00000000296e0000)]
  0x0000000020bee000 JavaThread "jar transforms Thread 107" [_thread_blocked, id=17128, stack(0x00000000294e0000,0x00000000295e0000)]
  0x0000000020bec800 JavaThread "jar transforms Thread 106" [_thread_blocked, id=7648, stack(0x00000000293e0000,0x00000000294e0000)]
  0x0000000020bee800 JavaThread "jar transforms Thread 105" [_thread_blocked, id=9852, stack(0x00000000292e0000,0x00000000293e0000)]
  0x0000000020beb000 JavaThread "jar transforms Thread 104" [_thread_blocked, id=17060, stack(0x00000000291e0000,0x00000000292e0000)]
  0x0000000020bf1800 JavaThread "jar transforms Thread 103" [_thread_blocked, id=7596, stack(0x00000000290e0000,0x00000000291e0000)]
  0x0000000020bea000 JavaThread "jar transforms Thread 102" [_thread_blocked, id=9620, stack(0x0000000028fe0000,0x00000000290e0000)]
  0x0000000020bf1000 JavaThread "jar transforms Thread 101" [_thread_blocked, id=7316, stack(0x0000000028ee0000,0x0000000028fe0000)]
  0x0000000020be9800 JavaThread "jar transforms Thread 100" [_thread_blocked, id=14652, stack(0x0000000028de0000,0x0000000028ee0000)]
  0x0000000020bf0000 JavaThread "jar transforms Thread 99" [_thread_blocked, id=16324, stack(0x0000000028ce0000,0x0000000028de0000)]
  0x0000000020bed000 JavaThread "jar transforms Thread 98" [_thread_blocked, id=14152, stack(0x0000000028be0000,0x0000000028ce0000)]
  0x000000001ea69800 JavaThread "jar transforms Thread 97" [_thread_blocked, id=1624, stack(0x0000000028ae0000,0x0000000028be0000)]
  0x000000001ea6e000 JavaThread "jar transforms Thread 96" [_thread_blocked, id=2996, stack(0x00000000289e0000,0x0000000028ae0000)]
  0x000000001ea6c800 JavaThread "jar transforms Thread 95" [_thread_blocked, id=12032, stack(0x00000000288e0000,0x00000000289e0000)]
  0x000000001ea68800 JavaThread "jar transforms Thread 94" [_thread_blocked, id=17300, stack(0x00000000287e0000,0x00000000288e0000)]
  0x000000001ea6b000 JavaThread "jar transforms Thread 93" [_thread_blocked, id=11716, stack(0x00000000286e0000,0x00000000287e0000)]
  0x000000001ea6f800 JavaThread "jar transforms Thread 92" [_thread_blocked, id=15612, stack(0x00000000285e0000,0x00000000286e0000)]
  0x000000001ea6b800 JavaThread "jar transforms Thread 91" [_thread_blocked, id=5816, stack(0x00000000284e0000,0x00000000285e0000)]
  0x000000001ea6a000 JavaThread "jar transforms Thread 90" [_thread_blocked, id=2912, stack(0x00000000283e0000,0x00000000284e0000)]
  0x000000001ea6e800 JavaThread "jar transforms Thread 89" [_thread_blocked, id=10412, stack(0x00000000282e0000,0x00000000283e0000)]
  0x000000001ea6d000 JavaThread "jar transforms Thread 88" [_thread_blocked, id=6432, stack(0x00000000281e0000,0x00000000282e0000)]
  0x000000001ea61000 JavaThread "jar transforms Thread 87" [_thread_blocked, id=10684, stack(0x00000000280e0000,0x00000000281e0000)]
  0x000000001ea68000 JavaThread "jar transforms Thread 86" [_thread_blocked, id=16024, stack(0x0000000027fe0000,0x00000000280e0000)]
  0x000000001ea67000 JavaThread "jar transforms Thread 85" [_thread_blocked, id=16236, stack(0x0000000027ee0000,0x0000000027fe0000)]
  0x000000001ea66800 JavaThread "jar transforms Thread 84" [_thread_blocked, id=14476, stack(0x0000000027de0000,0x0000000027ee0000)]
  0x000000001ea65800 JavaThread "jar transforms Thread 83" [_thread_blocked, id=10716, stack(0x0000000027ce0000,0x0000000027de0000)]
  0x000000001ea62000 JavaThread "jar transforms Thread 82" [_thread_blocked, id=10788, stack(0x0000000027be0000,0x0000000027ce0000)]
  0x000000001ea65000 JavaThread "jar transforms Thread 81" [_thread_blocked, id=16728, stack(0x0000000027ae0000,0x0000000027be0000)]
  0x000000001ea64000 JavaThread "jar transforms Thread 80" [_thread_blocked, id=10672, stack(0x00000000279e0000,0x0000000027ae0000)]
  0x000000001ea63800 JavaThread "jar transforms Thread 79" [_thread_blocked, id=16936, stack(0x00000000278e0000,0x00000000279e0000)]
  0x000000001ea62800 JavaThread "jar transforms Thread 78" [_thread_blocked, id=6912, stack(0x00000000277e0000,0x00000000278e0000)]
  0x000000001ea60800 JavaThread "jar transforms Thread 77" [_thread_blocked, id=9744, stack(0x00000000276e0000,0x00000000277e0000)]
  0x000000001e9d5000 JavaThread "jar transforms Thread 76" [_thread_blocked, id=8128, stack(0x00000000275e0000,0x00000000276e0000)]
  0x000000001e9dc000 JavaThread "jar transforms Thread 75" [_thread_blocked, id=10392, stack(0x00000000274e0000,0x00000000275e0000)]
  0x000000001e9d9800 JavaThread "jar transforms Thread 74" [_thread_blocked, id=10724, stack(0x00000000273e0000,0x00000000274e0000)]
  0x000000001e9d4800 JavaThread "jar transforms Thread 73" [_thread_blocked, id=16720, stack(0x00000000272e0000,0x00000000273e0000)]
  0x000000001e9d9000 JavaThread "jar transforms Thread 72" [_thread_blocked, id=14564, stack(0x00000000271e0000,0x00000000272e0000)]
  0x000000001e9d8000 JavaThread "jar transforms Thread 71" [_thread_blocked, id=15804, stack(0x00000000270e0000,0x00000000271e0000)]
  0x000000001e9da800 JavaThread "jar transforms Thread 70" [_thread_blocked, id=17020, stack(0x0000000026fe0000,0x00000000270e0000)]
  0x000000001e9d6800 JavaThread "jar transforms Thread 69" [_thread_blocked, id=14528, stack(0x0000000026ee0000,0x0000000026fe0000)]
  0x000000001e9d7800 JavaThread "jar transforms Thread 68" [_thread_blocked, id=12196, stack(0x0000000026de0000,0x0000000026ee0000)]
  0x000000001e9db000 JavaThread "jar transforms Thread 67" [_thread_blocked, id=14008, stack(0x0000000026ce0000,0x0000000026de0000)]
  0x000000001e9d6000 JavaThread "jar transforms Thread 66" [_thread_blocked, id=15184, stack(0x0000000026be0000,0x0000000026ce0000)]
  0x000000001e9cd000 JavaThread "jar transforms Thread 65" [_thread_blocked, id=16444, stack(0x0000000026ae0000,0x0000000026be0000)]
  0x000000001e9d3800 JavaThread "jar transforms Thread 64" [_thread_blocked, id=16984, stack(0x00000000269e0000,0x0000000026ae0000)]
  0x000000001e9d3000 JavaThread "jar transforms Thread 63" [_thread_blocked, id=11308, stack(0x00000000268e0000,0x00000000269e0000)]
  0x000000001e9d1800 JavaThread "jar transforms Thread 62" [_thread_blocked, id=16404, stack(0x00000000267e0000,0x00000000268e0000)]
  0x000000001e9d0800 JavaThread "jar transforms Thread 61" [_thread_blocked, id=7524, stack(0x00000000266e0000,0x00000000267e0000)]
  0x000000001e9d0000 JavaThread "jar transforms Thread 60" [_thread_blocked, id=16800, stack(0x00000000265e0000,0x00000000266e0000)]
  0x000000001e9cf000 JavaThread "jar transforms Thread 59" [_thread_blocked, id=16612, stack(0x00000000264e0000,0x00000000265e0000)]
  0x000000001e9d2000 JavaThread "jar transforms Thread 58" [_thread_blocked, id=16996, stack(0x0000000022d70000,0x0000000022e70000)]
  0x000000001e9cd800 JavaThread "jar transforms Thread 57" [_thread_blocked, id=16076, stack(0x0000000022740000,0x0000000022840000)]
  0x000000001e9ce800 JavaThread "jar transforms Thread 56" [_thread_blocked, id=15524, stack(0x0000000022640000,0x0000000022740000)]
  0x000000001dd28800 JavaThread "jar transforms Thread 55" [_thread_blocked, id=10860, stack(0x00000000263e0000,0x00000000264e0000)]
  0x000000001dd22800 JavaThread "jar transforms Thread 54" [_thread_blocked, id=10160, stack(0x00000000262e0000,0x00000000263e0000)]
  0x000000001dd21800 JavaThread "jar transforms Thread 53" [_thread_blocked, id=5388, stack(0x00000000261e0000,0x00000000262e0000)]
  0x000000001dd21000 JavaThread "jar transforms Thread 52" [_thread_blocked, id=6552, stack(0x00000000260e0000,0x00000000261e0000)]
  0x000000001dd26000 JavaThread "jar transforms Thread 51" [_thread_blocked, id=16644, stack(0x0000000025fe0000,0x00000000260e0000)]
  0x000000001dd25800 JavaThread "jar transforms Thread 50" [_thread_blocked, id=14548, stack(0x0000000025ee0000,0x0000000025fe0000)]
  0x000000001dd24000 JavaThread "jar transforms Thread 49" [_thread_blocked, id=16372, stack(0x0000000025de0000,0x0000000025ee0000)]
  0x000000001dd27800 JavaThread "jar transforms Thread 48" [_thread_blocked, id=5432, stack(0x0000000025ce0000,0x0000000025de0000)]
  0x000000001dd23000 JavaThread "jar transforms Thread 47" [_thread_blocked, id=10840, stack(0x0000000025be0000,0x0000000025ce0000)]
  0x000000001dd24800 JavaThread "jar transforms Thread 46" [_thread_blocked, id=14316, stack(0x0000000025ae0000,0x0000000025be0000)]
  0x000000001dd27000 JavaThread "jar transforms Thread 45" [_thread_blocked, id=11688, stack(0x00000000259e0000,0x0000000025ae0000)]
  0x000000001dd19000 JavaThread "jar transforms Thread 44" [_thread_blocked, id=9836, stack(0x00000000258e0000,0x00000000259e0000)]
  0x000000001dd1a800 JavaThread "jar transforms Thread 43" [_thread_blocked, id=12264, stack(0x00000000257e0000,0x00000000258e0000)]
  0x000000001dd1f800 JavaThread "jar transforms Thread 42" [_thread_blocked, id=14860, stack(0x00000000256e0000,0x00000000257e0000)]
  0x000000001dd1d000 JavaThread "jar transforms Thread 41" [_thread_blocked, id=9248, stack(0x00000000255e0000,0x00000000256e0000)]
  0x000000001dd1d800 JavaThread "jar transforms Thread 40" [_thread_blocked, id=10916, stack(0x00000000254e0000,0x00000000255e0000)]
  0x000000001dd20000 JavaThread "jar transforms Thread 39" [_thread_blocked, id=10536, stack(0x00000000253e0000,0x00000000254e0000)]
  0x000000001dd1c000 JavaThread "jar transforms Thread 38" [_thread_blocked, id=17348, stack(0x00000000252e0000,0x00000000253e0000)]
  0x000000001dd1b800 JavaThread "jar transforms Thread 37" [_thread_blocked, id=14256, stack(0x00000000251e0000,0x00000000252e0000)]
  0x000000001dd1e800 JavaThread "jar transforms Thread 36" [_thread_blocked, id=11284, stack(0x00000000250e0000,0x00000000251e0000)]
  0x000000001dd1a000 JavaThread "jar transforms Thread 35" [_thread_blocked, id=8444, stack(0x0000000024fe0000,0x00000000250e0000)]
  0x000000001fd1d000 JavaThread "jar transforms Thread 34" [_thread_blocked, id=14836, stack(0x0000000024ee0000,0x0000000024fe0000)]
  0x000000001fd1b800 JavaThread "jar transforms Thread 33" [_thread_blocked, id=5168, stack(0x0000000024de0000,0x0000000024ee0000)]
  0x000000001fd1a800 JavaThread "jar transforms Thread 32" [_thread_blocked, id=11356, stack(0x0000000024ce0000,0x0000000024de0000)]
  0x000000001fd1c000 JavaThread "jar transforms Thread 31" [_thread_blocked, id=15132, stack(0x0000000024be0000,0x0000000024ce0000)]
  0x000000001fd1d800 JavaThread "jar transforms Thread 30" [_thread_blocked, id=7588, stack(0x0000000024ae0000,0x0000000024be0000)]
  0x000000001fd13000 JavaThread "jar transforms Thread 29" [_thread_blocked, id=17064, stack(0x00000000248e0000,0x00000000249e0000)]
  0x000000001fd1a000 JavaThread "jar transforms Thread 28" [_thread_blocked, id=14816, stack(0x00000000247e0000,0x00000000248e0000)]
  0x000000001fd12800 JavaThread "jar transforms Thread 27" [_thread_blocked, id=13720, stack(0x00000000246e0000,0x00000000247e0000)]
  0x000000001fd18800 JavaThread "jar transforms Thread 26" [_thread_blocked, id=15784, stack(0x00000000245e0000,0x00000000246e0000)]
  0x000000001fd16000 JavaThread "jar transforms Thread 25" [_thread_blocked, id=4568, stack(0x00000000244e0000,0x00000000245e0000)]
  0x000000001fd19000 JavaThread "jar transforms Thread 24" [_thread_blocked, id=11628, stack(0x00000000243e0000,0x00000000244e0000)]
  0x000000001fd17000 JavaThread "jar transforms Thread 23" [_thread_blocked, id=9220, stack(0x00000000242e0000,0x00000000243e0000)]
  0x000000001fd17800 JavaThread "jar transforms Thread 22" [_thread_blocked, id=9080, stack(0x00000000241e0000,0x00000000242e0000)]
  0x000000001fd0e800 JavaThread "jar transforms Thread 21" [_thread_blocked, id=9720, stack(0x00000000240e0000,0x00000000241e0000)]
  0x000000001fd14800 JavaThread "jar transforms Thread 20" [_thread_blocked, id=7564, stack(0x0000000023fe0000,0x00000000240e0000)]
  0x000000001fd14000 JavaThread "jar transforms Thread 19" [_thread_blocked, id=10744, stack(0x0000000023ee0000,0x0000000023fe0000)]
  0x000000001fd15800 JavaThread "jar transforms Thread 18" [_thread_blocked, id=1884, stack(0x0000000023de0000,0x0000000023ee0000)]
  0x000000001fd11800 JavaThread "jar transforms Thread 17" [_thread_blocked, id=8728, stack(0x0000000023ce0000,0x0000000023de0000)]
  0x000000001fd0f800 JavaThread "jar transforms Thread 16" [_thread_blocked, id=10944, stack(0x0000000023be0000,0x0000000023ce0000)]
  0x000000001fd10000 JavaThread "jar transforms Thread 15" [_thread_blocked, id=4388, stack(0x0000000023ae0000,0x0000000023be0000)]
  0x000000001fd11000 JavaThread "jar transforms Thread 14" [_thread_blocked, id=17228, stack(0x00000000239e0000,0x0000000023ae0000)]
  0x000000001dc86000 JavaThread "jar transforms Thread 13" [_thread_blocked, id=9136, stack(0x00000000238e0000,0x00000000239e0000)]
  0x000000001dc8d000 JavaThread "jar transforms Thread 12" [_thread_blocked, id=7964, stack(0x00000000237e0000,0x00000000238e0000)]
  0x000000001dc85800 JavaThread "jar transforms Thread 11" [_thread_blocked, id=1756, stack(0x00000000236e0000,0x00000000237e0000)]
  0x000000001dc8c000 JavaThread "jar transforms Thread 10" [_thread_blocked, id=16928, stack(0x00000000235e0000,0x00000000236e0000)]
  0x000000001dc8b800 JavaThread "jar transforms Thread 9" [_thread_blocked, id=15040, stack(0x00000000234e0000,0x00000000235e0000)]
  0x000000001dc87000 JavaThread "jar transforms Thread 8" [_thread_blocked, id=16884, stack(0x00000000233e0000,0x00000000234e0000)]
  0x000000001dc87800 JavaThread "jar transforms Thread 7" [_thread_blocked, id=6960, stack(0x00000000232e0000,0x00000000233e0000)]
  0x000000001dc8a000 JavaThread "jar transforms Thread 6" [_thread_blocked, id=17084, stack(0x00000000231e0000,0x00000000232e0000)]
  0x000000001dc8a800 JavaThread "jar transforms Thread 5" [_thread_blocked, id=3300, stack(0x00000000230e0000,0x00000000231e0000)]
  0x000000001dc88800 JavaThread "jar transforms Thread 4" [_thread_blocked, id=2368, stack(0x0000000022fe0000,0x00000000230e0000)]
  0x000000001dc89000 JavaThread "jar transforms Thread 3" [_thread_blocked, id=16296, stack(0x0000000022ee0000,0x0000000022fe0000)]
  0x000000001dc7e800 JavaThread "jar transforms Thread 2" [_thread_blocked, id=14504, stack(0x0000000022850000,0x0000000022950000)]
  0x000000001dc7e000 JavaThread "Build operations Thread 4" [_thread_blocked, id=17132, stack(0x0000000022c70000,0x0000000022d70000)]
  0x000000001dc84800 JavaThread "Build operations Thread 3" [_thread_blocked, id=11768, stack(0x0000000022b70000,0x0000000022c70000)]
  0x000000001dc80000 JavaThread "Build operations Thread 2" [_thread_blocked, id=2656, stack(0x0000000022a70000,0x0000000022b70000)]
  0x000000001dc7f800 JavaThread "Build operations" [_thread_blocked, id=15456, stack(0x0000000022970000,0x0000000022a70000)]
  0x000000001b827000 JavaThread "Cache worker for file content cache (C:\Users\admin\.gradle\caches\6.5\fileContent)" [_thread_blocked, id=14840, stack(0x0000000021f40000,0x0000000022040000)]
  0x000000001b82d000 JavaThread "jar transforms" [_thread_blocked, id=6568, stack(0x0000000021e40000,0x0000000021f40000)]
  0x000000001b826000 JavaThread "Cache worker for execution history cache (C:\Users\admin\.gradle\caches\6.5\executionHistory)" [_thread_blocked, id=15492, stack(0x0000000020680000,0x0000000020780000)]
  0x000000001b829800 JavaThread "Cache worker for cache directory md-rule (C:\Users\admin\.gradle\caches\6.5\md-rule)" [_thread_blocked, id=10484, stack(0x0000000020580000,0x0000000020680000)]
  0x000000001b828800 JavaThread "Cache worker for cache directory md-supplier (C:\Users\admin\.gradle\caches\6.5\md-supplier)" [_thread_blocked, id=15928, stack(0x0000000020480000,0x0000000020580000)]
  0x000000001b82b000 JavaThread "Cache worker for checksums cache (C:\Users\admin\AndroidStudioProjects\MyApplication2\.gradle\checksums)" [_thread_blocked, id=7668, stack(0x0000000020380000,0x0000000020480000)]
  0x000000001b82a000 JavaThread "Cache worker for file hash cache (C:\Users\admin\AndroidStudioProjects\MyApplication2\.gradle\6.5\fileHashes)" [_thread_blocked, id=11548, stack(0x0000000020080000,0x0000000020180000)]
  0x000000001b82c800 JavaThread "Cache worker for file hash cache (C:\Users\admin\.gradle\caches\6.5\fileHashes)" [_thread_blocked, id=11048, stack(0x000000001ebb0000,0x000000001ecb0000)]
  0x000000001b828000 JavaThread "File lock request listener" [_thread_in_native, id=10232, stack(0x000000001dae0000,0x000000001dbe0000)]
  0x000000001b82b800 JavaThread "Cache worker for journal cache (C:\Users\admin\.gradle\caches\journal-1)" [_thread_blocked, id=9688, stack(0x000000001d9e0000,0x000000001dae0000)]
  0x0000000019845800 JavaThread "Thread-9" [_thread_blocked, id=996, stack(0x000000001d6e0000,0x000000001d7e0000)]
  0x000000001b5eb800 JavaThread "Stdin handler" [_thread_blocked, id=17072, stack(0x000000001d5e0000,0x000000001d6e0000)]
  0x0000000019864800 JavaThread "Asynchronous log dispatcher for DefaultDaemonConnection: socket connection from /127.0.0.1:59978 to /127.0.0.1:59979" [_thread_blocked, id=4656, stack(0x000000001d4e0000,0x000000001d5e0000)]
  0x000000001955e000 JavaThread "Daemon worker" [_thread_blocked, id=800, stack(0x000000001d3e0000,0x000000001d4e0000)]
  0x00000000198ad800 JavaThread "Cancel handler" [_thread_blocked, id=14704, stack(0x000000001d2e0000,0x000000001d3e0000)]
  0x0000000019858800 JavaThread "Handler for socket connection from /127.0.0.1:59978 to /127.0.0.1:59979" [_thread_in_native, id=10820, stack(0x000000001d1e0000,0x000000001d2e0000)]
  0x000000001b616000 JavaThread "Daemon" [_thread_blocked, id=16144, stack(0x000000001d0e0000,0x000000001d1e0000)]
  0x000000001b5ed000 JavaThread "Daemon periodic checks" [_thread_blocked, id=14584, stack(0x000000001cde0000,0x000000001cee0000)]
  0x000000001b564000 JavaThread "Incoming local TCP Connector on port 59978" [_thread_in_native, id=7260, stack(0x000000001cb90000,0x000000001cc90000)]
  0x000000001b49e000 JavaThread "Daemon health stats" [_thread_blocked, id=16968, stack(0x000000001c550000,0x000000001c650000)]
  0x00000000194b7000 JavaThread "Service Thread" daemon [_thread_blocked, id=2652, stack(0x00000000199b0000,0x0000000019ab0000)]
  0x00000000194b1000 JavaThread "C1 CompilerThread2" daemon [_thread_blocked, id=14516, stack(0x00000000198b0000,0x00000000199b0000)]
=>0x0000000017ca0800 JavaThread "C2 CompilerThread1" daemon [_thread_in_native, id=2032, stack(0x00000000193b0000,0x00000000194b0000)]
  0x0000000017c57000 JavaThread "C2 CompilerThread0" daemon [_thread_blocked, id=14512, stack(0x00000000192b0000,0x00000000193b0000)]
  0x0000000017c55800 JavaThread "Attach Listener" daemon [_thread_blocked, id=15580, stack(0x00000000191b0000,0x00000000192b0000)]
  0x0000000017c54800 JavaThread "Signal Dispatcher" daemon [_thread_blocked, id=15120, stack(0x00000000190b0000,0x00000000191b0000)]
  0x000000000302b800 JavaThread "Finalizer" daemon [_thread_blocked, id=14596, stack(0x0000000018eb0000,0x0000000018fb0000)]
  0x0000000017c39000 JavaThread "Reference Handler" daemon [_thread_blocked, id=5516, stack(0x0000000018db0000,0x0000000018eb0000)]
  0x0000000002f0e000 JavaThread "main" [_thread_blocked, id=5532, stack(0x0000000002d90000,0x0000000002e90000)]

Other Threads:
  0x0000000017c16800 VMThread [stack: 0x0000000018cb0000,0x0000000018db0000] [id=268]
  0x00000000194b8000 WatcherThread [stack: 0x0000000019ab0000,0x0000000019bb0000] [id=11524]

VM state:at safepoint (normal execution)

VM Mutex/Monitor currently owned by a thread:  ([mutex/lock_event])
[0x0000000002f0d0d0] Threads_lock - owner thread: 0x0000000017c16800
[0x0000000002f0d350] Heap_lock - owner thread: 0x000000001dc84800

OutOfMemory and StackOverflow Exception counts:
OutOfMemoryError java_heap_errors=2

heap address: 0x0000000080000000, size: 2048 MB, Compressed Oops mode: 32-bit
Narrow klass base: 0x0000000000000000, Narrow klass shift: 3
Compressed class space size: 1073741824 Address: 0x0000000100000000

Heap:
 PSYoungGen      total 407040K, used 400345K [0x00000000d5580000, 0x00000000f0c00000, 0x0000000100000000)
  eden space 367104K, 98% used [0x00000000d5580000,0x00000000eb5798b8,0x00000000ebc00000)
  from space 39936K, 99% used [0x00000000ebc00000,0x00000000ee2fcef8,0x00000000ee300000)
  to   space 39936K, 20% used [0x00000000ee300000,0x00000000eeade9b8,0x00000000f0a00000)
 ParOldGen       total 305664K, used 140007K [0x0000000080000000, 0x0000000092a80000, 0x00000000d5580000)
  object space 305664K, 45% used [0x0000000080000000,0x00000000888bbc80,0x0000000092a80000)
 Metaspace       used 142726K, capacity 147927K, committed 148248K, reserved 1177600K
  class space    used 18092K, capacity 19113K, committed 19240K, reserved 1048576K

Card table byte_map: [0x00000000123f0000,0x0000000012800000] byte_map_base: 0x0000000011ff0000

Marking Bits: (ParMarkBitMap*) 0x000000006862f030
 Begin Bits: [0x0000000012eb0000, 0x0000000014eb0000)
 End Bits:   [0x0000000014eb0000, 0x0000000016eb0000)

Polling page: 0x0000000001580000

CodeCache: size=245760Kb used=61053Kb max_used=62569Kb free=184706Kb
 bounds [0x0000000003030000, 0x0000000006db0000, 0x0000000012030000]
 total_blobs=19405 nmethods=18460 adapters=855
 compilation: enabled

Compilation events (10 events):
Event: 51.190 Thread 0x0000000017c57000 21931       4       com.android.tools.r8.utils.Y::d (147 bytes)
Event: 51.191 Thread 0x0000000017c57000 nmethod 21931 0x00000000061ba7d0 code [0x00000000061ba900, 0x00000000061ba9b8]
Event: 51.206 Thread 0x00000000194b1000 21937       3       java.io.BufferedInputStream::<init> (9 bytes)
Event: 51.206 Thread 0x0000000017c57000 21938   !   4       sun.nio.fs.WindowsPath::getPathForWin32Calls (138 bytes)
Event: 51.206 Thread 0x00000000194b1000 nmethod 21937 0x000000000513fad0 code [0x000000000513fc60, 0x0000000005140108]
Event: 51.207 Thread 0x0000000017c57000 nmethod 21938 0x00000000054ebf50 code [0x00000000054ec0a0, 0x00000000054ec178]
Event: 51.208 Thread 0x00000000194b1000 21939       3       com.android.builder.dexing.D8DiagnosticsHandler::getOrigin (65 bytes)
Event: 51.210 Thread 0x00000000194b1000 nmethod 21939 0x0000000005a7d790 code [0x0000000005a7da60, 0x0000000005a7f038]
Event: 51.212 Thread 0x00000000194b1000 21936       1       com.android.tools.r8.q.a.a.b.J::b (5 bytes)
Event: 51.212 Thread 0x00000000194b1000 nmethod 21936 0x00000000065fac50 code [0x00000000065fada0, 0x00000000065fae90]

GC Heap History (10 events):
Event: 21.404 GC heap after
Heap after GC invocations=13 (full 3):
 PSYoungGen      total 342528K, used 22517K [0x00000000d5580000, 0x00000000ed200000, 0x0000000100000000)
  eden space 320000K, 0% used [0x00000000d5580000,0x00000000d5580000,0x00000000e8e00000)
  from space 22528K, 99% used [0x00000000ea900000,0x00000000ebefd568,0x00000000ebf00000)
  to   space 27648K, 0% used [0x00000000e8e00000,0x00000000e8e00000,0x00000000ea900000)
 ParOldGen       total 185344K, used 46567K [0x0000000080000000, 0x000000008b500000, 0x00000000d5580000)
  object space 185344K, 25% used [0x0000000080000000,0x0000000082d79c70,0x000000008b500000)
 Metaspace       used 68173K, capacity 71322K, committed 71576K, reserved 1112064K
  class space    used 9248K, capacity 9850K, committed 9896K, reserved 1048576K
}
Event: 27.297 GC heap before
{Heap before GC invocations=14 (full 3):
 PSYoungGen      total 342528K, used 342517K [0x00000000d5580000, 0x00000000ed200000, 0x0000000100000000)
  eden space 320000K, 100% used [0x00000000d5580000,0x00000000e8e00000,0x00000000e8e00000)
  from space 22528K, 99% used [0x00000000ea900000,0x00000000ebefd568,0x00000000ebf00000)
  to   space 27648K, 0% used [0x00000000e8e00000,0x00000000e8e00000,0x00000000ea900000)
 ParOldGen       total 185344K, used 46567K [0x0000000080000000, 0x000000008b500000, 0x00000000d5580000)
  object space 185344K, 25% used [0x0000000080000000,0x0000000082d79c70,0x000000008b500000)
 Metaspace       used 82014K, capacity 85944K, committed 86040K, reserved 1124352K
  class space    used 10971K, capacity 11807K, committed 11816K, reserved 1048576K
Event: 27.350 GC heap after
Heap after GC invocations=14 (full 3):
 PSYoungGen      total 347648K, used 27645K [0x00000000d5580000, 0x00000000f0a00000, 0x0000000100000000)
  eden space 320000K, 0% used [0x00000000d5580000,0x00000000d5580000,0x00000000e8e00000)
  from space 27648K, 99% used [0x00000000e8e00000,0x00000000ea8ff708,0x00000000ea900000)
  to   space 39936K, 0% used [0x00000000ee300000,0x00000000ee300000,0x00000000f0a00000)
 ParOldGen       total 185344K, used 68728K [0x0000000080000000, 0x000000008b500000, 0x00000000d5580000)
  object space 185344K, 37% used [0x0000000080000000,0x000000008431e230,0x000000008b500000)
 Metaspace       used 82014K, capacity 85944K, committed 86040K, reserved 1124352K
  class space    used 10971K, capacity 11807K, committed 11816K, reserved 1048576K
}
Event: 29.724 GC heap before
{Heap before GC invocations=15 (full 3):
 PSYoungGen      total 347648K, used 137304K [0x00000000d5580000, 0x00000000f0a00000, 0x0000000100000000)
  eden space 320000K, 34% used [0x00000000d5580000,0x00000000dc096a00,0x00000000e8e00000)
  from space 27648K, 99% used [0x00000000e8e00000,0x00000000ea8ff708,0x00000000ea900000)
  to   space 39936K, 0% used [0x00000000ee300000,0x00000000ee300000,0x00000000f0a00000)
 ParOldGen       total 185344K, used 68728K [0x0000000080000000, 0x000000008b500000, 0x00000000d5580000)
  object space 185344K, 37% used [0x0000000080000000,0x000000008431e230,0x000000008b500000)
 Metaspace       used 93936K, capacity 98342K, committed 98584K, reserved 1134592K
  class space    used 12346K, capacity 13245K, committed 13352K, reserved 1048576K
Event: 29.767 GC heap after
Heap after GC invocations=15 (full 3):
 PSYoungGen      total 407040K, used 22559K [0x00000000d5580000, 0x00000000f0c00000, 0x0000000100000000)
  eden space 367104K, 0% used [0x00000000d5580000,0x00000000d5580000,0x00000000ebc00000)
  from space 39936K, 56% used [0x00000000ee300000,0x00000000ef907ee8,0x00000000f0a00000)
  to   space 39936K, 0% used [0x00000000ebc00000,0x00000000ebc00000,0x00000000ee300000)
 ParOldGen       total 185344K, used 86433K [0x0000000080000000, 0x000000008b500000, 0x00000000d5580000)
  object space 185344K, 46% used [0x0000000080000000,0x0000000085468718,0x000000008b500000)
 Metaspace       used 93936K, capacity 98342K, committed 98584K, reserved 1134592K
  class space    used 12346K, capacity 13245K, committed 13352K, reserved 1048576K
}
Event: 29.767 GC heap before
{Heap before GC invocations=16 (full 4):
 PSYoungGen      total 407040K, used 22559K [0x00000000d5580000, 0x00000000f0c00000, 0x0000000100000000)
  eden space 367104K, 0% used [0x00000000d5580000,0x00000000d5580000,0x00000000ebc00000)
  from space 39936K, 56% used [0x00000000ee300000,0x00000000ef907ee8,0x00000000f0a00000)
  to   space 39936K, 0% used [0x00000000ebc00000,0x00000000ebc00000,0x00000000ee300000)
 ParOldGen       total 185344K, used 86433K [0x0000000080000000, 0x000000008b500000, 0x00000000d5580000)
  object space 185344K, 46% used [0x0000000080000000,0x0000000085468718,0x000000008b500000)
 Metaspace       used 93936K, capacity 98342K, committed 98584K, reserved 1134592K
  class space    used 12346K, capacity 13245K, committed 13352K, reserved 1048576K
Event: 30.257 GC heap after
Heap after GC invocations=16 (full 4):
 PSYoungGen      total 407040K, used 0K [0x00000000d5580000, 0x00000000f0c00000, 0x0000000100000000)
  eden space 367104K, 0% used [0x00000000d5580000,0x00000000d5580000,0x00000000ebc00000)
  from space 39936K, 0% used [0x00000000ee300000,0x00000000ee300000,0x00000000f0a00000)
  to   space 39936K, 0% used [0x00000000ebc00000,0x00000000ebc00000,0x00000000ee300000)
 ParOldGen       total 305664K, used 89355K [0x0000000080000000, 0x0000000092a80000, 0x00000000d5580000)
  object space 305664K, 29% used [0x0000000080000000,0x0000000085742f10,0x0000000092a80000)
 Metaspace       used 93772K, capacity 97956K, committed 98584K, reserved 1134592K
  class space    used 12298K, capacity 13154K, committed 13352K, reserved 1048576K
}
Event: 45.064 GC heap before
{Heap before GC invocations=17 (full 4):
 PSYoungGen      total 407040K, used 367104K [0x00000000d5580000, 0x00000000f0c00000, 0x0000000100000000)
  eden space 367104K, 100% used [0x00000000d5580000,0x00000000ebc00000,0x00000000ebc00000)
  from space 39936K, 0% used [0x00000000ee300000,0x00000000ee300000,0x00000000f0a00000)
  to   space 39936K, 0% used [0x00000000ebc00000,0x00000000ebc00000,0x00000000ee300000)
 ParOldGen       total 305664K, used 89355K [0x0000000080000000, 0x0000000092a80000, 0x00000000d5580000)
  object space 305664K, 29% used [0x0000000080000000,0x0000000085742f10,0x0000000092a80000)
 Metaspace       used 124684K, capacity 129579K, committed 129816K, reserved 1161216K
  class space    used 16084K, capacity 17073K, committed 17192K, reserved 1048576K
Event: 45.162 GC heap after
Heap after GC invocations=17 (full 4):
 PSYoungGen      total 407040K, used 39923K [0x00000000d5580000, 0x00000000f0c00000, 0x0000000100000000)
  eden space 367104K, 0% used [0x00000000d5580000,0x00000000d5580000,0x00000000ebc00000)
  from space 39936K, 99% used [0x00000000ebc00000,0x00000000ee2fcef8,0x00000000ee300000)
  to   space 39936K, 0% used [0x00000000ee300000,0x00000000ee300000,0x00000000f0a00000)
 ParOldGen       total 305664K, used 119683K [0x0000000080000000, 0x0000000092a80000, 0x00000000d5580000)
  object space 305664K, 39% used [0x0000000080000000,0x00000000874e0dd8,0x0000000092a80000)
 Metaspace       used 124684K, capacity 129579K, committed 129816K, reserved 1161216K
  class space    used 16084K, capacity 17073K, committed 17192K, reserved 1048576K
}
Event: 51.226 GC heap before
{Heap before GC invocations=18 (full 4):
 PSYoungGen      total 407040K, used 400345K [0x00000000d5580000, 0x00000000f0c00000, 0x0000000100000000)
  eden space 367104K, 98% used [0x00000000d5580000,0x00000000eb5798b8,0x00000000ebc00000)
  from space 39936K, 99% used [0x00000000ebc00000,0x00000000ee2fcef8,0x00000000ee300000)
  to   space 39936K, 0% used [0x00000000ee300000,0x00000000ee300000,0x00000000f0a00000)
 ParOldGen       total 305664K, used 119683K [0x0000000080000000, 0x0000000092a80000, 0x00000000d5580000)
  object space 305664K, 39% used [0x0000000080000000,0x00000000874e0dd8,0x0000000092a80000)
 Metaspace       used 142726K, capacity 147927K, committed 148248K, reserved 1177600K
  class space    used 18092K, capacity 19113K, committed 19240K, reserved 1048576K

Deoptimization events (10 events):
Event: 50.783 Thread 0x000000001dc80000 Uncommon trap: reason=unstable_if action=reinterpret pc=0x0000000003405d6c method=java.util.concurrent.ConcurrentLinkedQueue.offer(Ljava/lang/Object;)Z @ 91
Event: 51.001 Thread 0x000000001dc84800 Uncommon trap: reason=unstable_if action=reinterpret pc=0x0000000006ca95d8 method=org.gradle.internal.snapshot.VfsRelativePath.compareToFirstSegment(Ljava/lang/String;Lorg/gradle/internal/snapshot/CaseSensitivity;)I @ 156
Event: 51.108 Thread 0x000000001dc84800 Uncommon trap: reason=unstable_if action=reinterpret pc=0x0000000003dcf294 method=java.util.regex.Pattern.newSlice([IIZ)Ljava/util/regex/Pattern$Node; @ 10
Event: 51.164 Thread 0x000000001dc80000 Uncommon trap: reason=bimorphic action=maybe_recompile pc=0x00000000055d54e8 method=com.google.common.io.ByteStreams.toByteArrayInternal(Ljava/io/InputStream;Ljava/util/Deque;I)[B @ 53
Event: 51.164 Thread 0x000000001dc7e000 Uncommon trap: reason=bimorphic action=maybe_recompile pc=0x00000000055d54e8 method=com.google.common.io.ByteStreams.toByteArrayInternal(Ljava/io/InputStream;Ljava/util/Deque;I)[B @ 53
Event: 51.164 Thread 0x000000001dc7f800 Uncommon trap: reason=bimorphic action=maybe_recompile pc=0x00000000055d54e8 method=com.google.common.io.ByteStreams.toByteArrayInternal(Ljava/io/InputStream;Ljava/util/Deque;I)[B @ 53
Event: 51.164 Thread 0x000000001dc84800 Uncommon trap: reason=bimorphic action=maybe_recompile pc=0x00000000055d54e8 method=com.google.common.io.ByteStreams.toByteArrayInternal(Ljava/io/InputStream;Ljava/util/Deque;I)[B @ 53
Event: 51.167 Thread 0x000000001dc80000 Uncommon trap: reason=bimorphic action=maybe_recompile pc=0x00000000062ba95c method=com.google.common.io.ByteStreams.toByteArrayInternal(Ljava/io/InputStream;Ljava/util/Deque;I)[B @ 53
Event: 51.167 Thread 0x000000001dc7e000 Uncommon trap: reason=bimorphic action=maybe_recompile pc=0x00000000062ba95c method=com.google.common.io.ByteStreams.toByteArrayInternal(Ljava/io/InputStream;Ljava/util/Deque;I)[B @ 53
Event: 51.167 Thread 0x000000001dc7f800 Uncommon trap: reason=bimorphic action=maybe_recompile pc=0x00000000062ba95c method=com.google.common.io.ByteStreams.toByteArrayInternal(Ljava/io/InputStream;Ljava/util/Deque;I)[B @ 53

Classes redefined (0 events):
No events

Internal exceptions (10 events):
Event: 50.179 Thread 0x000000001f9e8800 Exception <a 'java/lang/ClassNotFoundException': java/util/LinkedListCustomizer> (0x00000000e647ee60) thrown at [C:\src\AOSP-openjdk-git\hotspot\src\share\vm\classfile\systemDictionary.cpp, line 210]
Event: 50.191 Thread 0x000000001f9e8800 Exception <a 'java/lang/ClassNotFoundException': org/codehaus/groovy/ast/ClassNodeBeanInfo> (0x00000000e6535c68) thrown at [C:\src\AOSP-openjdk-git\hotspot\src\share\vm\classfile\systemDictionary.cpp, line 210]
Event: 50.193 Thread 0x000000001f9e8800 Exception <a 'java/lang/ClassNotFoundException': org/codehaus/groovy/ast/AnnotatedNodeBeanInfo> (0x00000000e6577250) thrown at [C:\src\AOSP-openjdk-git\hotspot\src\share\vm\classfile\systemDictionary.cpp, line 210]
Event: 50.194 Thread 0x000000001f9e8800 Exception <a 'java/lang/ClassNotFoundException': org/codehaus/groovy/ast/AnnotatedNodeCustomizer> (0x00000000e65b97d8) thrown at [C:\src\AOSP-openjdk-git\hotspot\src\share\vm\classfile\systemDictionary.cpp, line 210]
Event: 50.197 Thread 0x000000001f9e8800 Exception <a 'java/lang/ClassNotFoundException': org/codehaus/groovy/ast/ClassNodeCustomizer> (0x00000000e66095a8) thrown at [C:\src\AOSP-openjdk-git\hotspot\src\share\vm\classfile\systemDictionary.cpp, line 210]
Event: 50.650 Thread 0x0000000019845800 Exception <a 'java/lang/NoSuchMethodError': <clinit>> (0x00000000d559f450) thrown at [C:\src\AOSP-openjdk-git\hotspot\src\share\vm\prims\jni.cpp, line 1615]
Event: 51.118 Thread 0x000000001dc80000 Exception <a 'java/lang/NoSuchMethodError': java.lang.Object.lambda$static$0(Ljava/lang/String;)Z> (0x00000000ea6b8960) thrown at [C:\src\AOSP-openjdk-git\hotspot\src\share\vm\interpreter\linkResolver.cpp, line 620]
Event: 51.181 Thread 0x000000001dc7e000 Exception <a 'sun/nio/fs/WindowsException'> (0x00000000eac52f98) thrown at [C:\src\AOSP-openjdk-git\hotspot\src\share\vm\prims\jni.cpp, line 710]
Event: 51.225 Thread 0x000000001dc7f800 Exception <a 'java/lang/OutOfMemoryError'> (0x00000000eb549868) thrown at [C:\src\AOSP-openjdk-git\hotspot\src\share\vm\prims\jni.cpp, line 737]
Event: 51.225 Thread 0x000000001dc80000 Exception <a 'java/lang/OutOfMemoryError'> (0x00000000eb4da798) thrown at [C:\src\AOSP-openjdk-git\hotspot\src\share\vm\prims\jni.cpp, line 737]

Events (10 events):
Event: 51.222 loading class com/google/common/util/concurrent/FluentFuture$TrustedFuture
Event: 51.222 loading class com/google/common/util/concurrent/FluentFuture$TrustedFuture done
Event: 51.223 loading class com/google/common/util/concurrent/FluentFuture
Event: 51.223 loading class com/google/common/util/concurrent/FluentFuture done
Event: 51.224 loading class com/google/common/util/concurrent/GwtFluentFutureCatchingSpecialization
Event: 51.224 loading class com/google/common/util/concurrent/GwtFluentFutureCatchingSpecialization done
Event: 51.224 Executing VM operation: CollectForMetadataAllocation
Event: 51.225 Executing VM operation: CollectForMetadataAllocation done
Event: 51.225 loading class java/util/zip/DataFormatException
Event: 51.225 Executing VM operation: ParallelGCSystemGC


Dynamic libraries:
0x00007ff6bbb20000 - 0x00007ff6bbb51000 	C:\Program Files\Android\Android Studio\jre\bin\java.exe
0x00007ffa74740000 - 0x00007ffa74930000 	C:\Windows\SYSTEM32\ntdll.dll
0x00007ffa74270000 - 0x00007ffa74322000 	C:\Windows\System32\KERNEL32.DLL
0x00007ffa721b0000 - 0x00007ffa72453000 	C:\Windows\System32\KERNELBASE.dll
0x00007ffa74330000 - 0x00007ffa743d3000 	C:\Windows\System32\ADVAPI32.dll
0x00007ffa728b0000 - 0x00007ffa7294e000 	C:\Windows\System32\msvcrt.dll
0x00007ffa72b70000 - 0x00007ffa72c07000 	C:\Windows\System32\sechost.dll
0x00007ffa74620000 - 0x00007ffa74740000 	C:\Windows\System32\RPCRT4.dll
0x00007ffa72950000 - 0x00007ffa72ae4000 	C:\Windows\System32\USER32.dll
0x00007ffa72700000 - 0x00007ffa72721000 	C:\Windows\System32\win32u.dll
0x00007ffa72c10000 - 0x00007ffa72c36000 	C:\Windows\System32\GDI32.dll
0x00007ffa71f60000 - 0x00007ffa720f4000 	C:\Windows\System32\gdi32full.dll
0x00007ffa72790000 - 0x00007ffa7282e000 	C:\Windows\System32\msvcp_win.dll
0x00007ffa72600000 - 0x00007ffa726fa000 	C:\Windows\System32\ucrtbase.dll
0x00007ffa5f630000 - 0x00007ffa5f8b5000 	C:\Windows\WinSxS\amd64_microsoft.windows.common-controls_6595b64144ccf1df_6.0.18362.535_none_e6c3b34713100821\COMCTL32.dll
0x00007ffa73980000 - 0x00007ffa73cb6000 	C:\Windows\System32\combase.dll
0x00007ffa71ee0000 - 0x00007ffa71f60000 	C:\Windows\System32\bcryptPrimitives.dll
0x00007ffa74400000 - 0x00007ffa7442e000 	C:\Windows\System32\IMM32.DLL
0x0000000067d80000 - 0x0000000067e52000 	C:\Program Files\Android\Android Studio\jre\jre\bin\msvcr100.dll
0x0000000067e60000 - 0x00000000686ab000 	C:\Program Files\Android\Android Studio\jre\jre\bin\server\jvm.dll
0x00007ffa745b0000 - 0x00007ffa745b8000 	C:\Windows\System32\PSAPI.DLL
0x00007ffa604e0000 - 0x00007ffa604e9000 	C:\Windows\SYSTEM32\WSOCK32.dll
0x00007ffa73620000 - 0x00007ffa7368f000 	C:\Windows\System32\WS2_32.dll
0x00007ffa6dfb0000 - 0x00007ffa6dfd4000 	C:\Windows\SYSTEM32\WINMM.dll
0x00007ffa6b5c0000 - 0x00007ffa6b5ca000 	C:\Windows\SYSTEM32\VERSION.dll
0x00007ffa6df80000 - 0x00007ffa6dfad000 	C:\Windows\SYSTEM32\WINMMBASE.dll
0x00007ffa725b0000 - 0x00007ffa725fa000 	C:\Windows\System32\cfgmgr32.dll
0x00007ffa2cca0000 - 0x00007ffa2ccaf000 	C:\Program Files\Android\Android Studio\jre\jre\bin\verify.dll
0x00007ff9fd180000 - 0x00007ff9fd1a9000 	C:\Program Files\Android\Android Studio\jre\jre\bin\java.dll
0x00007ff9fd160000 - 0x00007ff9fd176000 	C:\Program Files\Android\Android Studio\jre\jre\bin\zip.dll
0x00007ffa72c40000 - 0x00007ffa73325000 	C:\Windows\System32\SHELL32.dll
0x00007ffa737f0000 - 0x00007ffa73899000 	C:\Windows\System32\shcore.dll
0x00007ffa71710000 - 0x00007ffa71e8f000 	C:\Windows\System32\windows.storage.dll
0x00007ffa71680000 - 0x00007ffa7169f000 	C:\Windows\System32\profapi.dll
0x00007ffa716c0000 - 0x00007ffa7170a000 	C:\Windows\System32\powrprof.dll
0x00007ffa71650000 - 0x00007ffa71660000 	C:\Windows\System32\UMPDC.dll
0x00007ffa745c0000 - 0x00007ffa74612000 	C:\Windows\System32\shlwapi.dll
0x00007ffa716a0000 - 0x00007ffa716b1000 	C:\Windows\System32\kernel.appcore.dll
0x00007ffa71ec0000 - 0x00007ffa71ed7000 	C:\Windows\System32\cryptsp.dll
0x00007ff9fd140000 - 0x00007ff9fd15a000 	C:\Program Files\Android\Android Studio\jre\jre\bin\net.dll
0x00007ffa70ec0000 - 0x00007ffa70f27000 	C:\Windows\system32\mswsock.dll
0x00007ff9fd120000 - 0x00007ff9fd133000 	C:\Program Files\Android\Android Studio\jre\jre\bin\nio.dll
0x00007ff9fd370000 - 0x00007ff9fd397000 	C:\Users\admin\.gradle\native\f6784746aeab05261644944871eae4fe03e0ef1612fff0a4a95f87b438bc6780\windows-amd64\native-platform.dll
0x00007ff9fd110000 - 0x00007ff9fd11d000 	C:\Program Files\Android\Android Studio\jre\jre\bin\management.dll
0x00007ffa709d0000 - 0x00007ffa70a03000 	C:\Windows\system32\rsaenh.dll
0x00007ffa71e90000 - 0x00007ffa71eb6000 	C:\Windows\System32\bcrypt.dll
0x00007ffa71540000 - 0x00007ffa71565000 	C:\Windows\SYSTEM32\USERENV.dll
0x00007ffa71090000 - 0x00007ffa7109c000 	C:\Windows\SYSTEM32\CRYPTBASE.dll
0x00007ffa70b70000 - 0x00007ffa70baa000 	C:\Windows\SYSTEM32\IPHLPAPI.DLL
0x00007ffa728a0000 - 0x00007ffa728a8000 	C:\Windows\System32\NSI.dll
0x00007ffa657c0000 - 0x00007ffa657d6000 	C:\Windows\SYSTEM32\dhcpcsvc6.DLL
0x00007ffa65820000 - 0x00007ffa6583c000 	C:\Windows\SYSTEM32\dhcpcsvc.DLL
0x00007ffa70bb0000 - 0x00007ffa70c7a000 	C:\Windows\SYSTEM32\DNSAPI.dll
0x00007ffa68540000 - 0x00007ffa6854b000 	C:\Windows\SYSTEM32\WINNSI.DLL
0x00007ff9fcf70000 - 0x00007ff9fd10c000 	C:\Program Files\Android\Android Studio\jre\jre\bin\awt.dll
0x00007ffa738a0000 - 0x00007ffa73964000 	C:\Windows\System32\OLEAUT32.dll
0x00007ffa6fc60000 - 0x00007ffa6fc8d000 	C:\Windows\SYSTEM32\dwmapi.dll
0x00007ffa6dfe0000 - 0x00007ffa6e5a0000 	C:\Windows\SYSTEM32\d2d1.dll
0x00007ffa6f520000 - 0x00007ffa6f5af000 	C:\Windows\SYSTEM32\apphelp.dll

VM Arguments:
jvm_args: -Xmx2048m -Dfile.encoding=UTF-8 -Duser.country=RU -Duser.language=ru -Duser.variant 
java_command: org.gradle.launcher.daemon.bootstrap.GradleDaemon 6.5
java_class_path (initial): C:\Users\admin\.gradle\wrapper\dists\gradle-6.5-bin\6nifqtx7604sqp1q6g8wikw7p\gradle-6.5\lib\gradle-launcher-6.5.jar
Launcher Type: SUN_STANDARD

Environment Variables:
PATH=C:\Program Files (x86)\Java\jdk-13\bin;C:\Windows\system32;C:\Windows;C:\Windows\System32\Wbem;C:\Windows\System32\WindowsPowerShell\v1.0\;C:\Program Files (x86)\NVIDIA Corporation\PhysX\Common;C:\Program Files\NVIDIA Corporation\NVIDIA NvDLISR;C:\Program Files\dotnet\;C:\Program Files\Microsoft SQL Server\130\Tools\Binn\;C:\Program Files\Microsoft SQL Server\Client SDK\ODBC\170\Tools\Binn\;C:\Program Files\Git\cmd;C:\Windows\System32\OpenSSH\;C:\Users\admin\source\repos\BotDS\BotDS\EXE;C:\Program Files (x86)\Microsoft SQL Server\150\DTS\Binn\;C:\Program Files\Microsoft SQL Server\150\DTS\Binn\;C:\Program Files (x86)\Microsoft SQL Server\150\Tools\Binn\;C:\Program Files\Microsoft SQL Server\150\Tools\Binn\;C:\Users\admin\AppData\Local\Microsoft\WindowsApps;C:\Users\admin\AppData\Local\Programs\Microsoft VS Code\bin;C:\Users\admin\AppData\Local\GitHubDesktop\bin
USERNAME=admin
OS=Windows_NT
PROCESSOR_IDENTIFIER=Intel64 Family 6 Model 142 Stepping 10, GenuineIntel



---------------  S Y S T E M  ---------------

OS: Windows 10.0 , 64 bit Build 18362 (10.0.18362.329)

CPU:total 4 (initial active 4) (2 cores per cpu, 2 threads per core) family 6 model 142 stepping 10, cmov, cx8, fxsr, mmx, sse, sse2, sse3, ssse3, sse4.1, sse4.2, popcnt, avx, avx2, aes, clmul, erms, 3dnowpref, lzcnt, ht, tsc, tscinvbit, bmi1, bmi2, adx

Memory: 4k page, physical 12489956k(2555924k free), swap 16684260k(5120k free)

vm_info: OpenJDK 64-Bit Server VM (25.242-b01) for windows-amd64 JRE (1.8.0_242-release-1644-b01), built by "builder" with MS VC++ 10.0 (VS2010)

time: Sun Jan 09 18:01:34 2022
timezone: RTZ 2 (зима)
elapsed time: 51 seconds (0d 0h 0m 51s)

