#
# There is insufficient memory for the Java Runtime Environment to continue.
# Native memory allocation (malloc) failed to allocate 341296 bytes for Chunk::new
# Possible reasons:
#   The system is out of physical RAM or swap space
#   The process is running with CompressedOops enabled, and the Java Heap may be blocking the growth of the native heap
# Possible solutions:
#   Reduce memory load on the system
#   Increase physical memory or swap space
#   Check if swap backing store is full
#   Decrease Java heap size (-Xmx/-Xms)
#   Decrease number of Java threads
#   Decrease Java thread stack sizes (-Xss)
#   Set larger code cache with -XX:ReservedCodeCacheSize=
#   JVM is running with Unscaled Compressed Oops mode in which the Java heap is
#     placed in the first 4GB address space. The Java Heap base address is the
#     maximum limit for the native heap growth. Please use -XX:HeapBaseMinAddress
#     to set the Java Heap base and to place the Java Heap above 4GB virtual address.
# This output file may be truncated or incomplete.
#
#  Out of Memory Error (allocation.cpp:389), pid=22000, tid=0x000000000000440c
#
# JRE version: OpenJDK Runtime Environment (8.0_242-b01) (build 1.8.0_242-release-1644-b01)
# Java VM: OpenJDK 64-Bit Server VM (25.242-b01 mixed mode windows-amd64 compressed oops)
# Failed to write core dump. Minidumps are not enabled by default on client versions of Windows
#

---------------  T H R E A D  ---------------

Current thread (0x000000001752d800):  JavaThread "C2 CompilerThread1" daemon [_thread_in_native, id=17420, stack(0x0000000018c70000,0x0000000018d70000)]

Stack: [0x0000000018c70000,0x0000000018d70000]
[error occurred during error reporting (printing stack bounds), id 0xc0000005]

Native frames: (J=compiled Java code, j=interpreted, Vv=VM code, C=native code)


Current CompileTask:
C2: 150190 15767       4       org.gradle.api.internal.artifacts.ivyservice.dependencysubstitution.ModuleSelectorStringNotationConverter::parseType (9 bytes)


---------------  P R O C E S S  ---------------

Java Threads: ( => current thread )
  0x000000001e19c000 JavaThread "RMI TCP Connection(5)-127.0.0.1" daemon [_thread_in_native, id=3040, stack(0x000000002e7e0000,0x000000002e8e0000)]
  0x000000001d80d800 JavaThread "RMI TCP Connection(4)-127.0.0.1" daemon [_thread_in_native, id=8380, stack(0x000000002e6e0000,0x000000002e7e0000)]
  0x000000001d80d000 JavaThread "RMI RenewClean-[127.0.0.1:17897,org.jetbrains.kotlin.daemon.common.LoopbackNetworkInterface$ClientLoopbackSocketFactory@23f0686f]" daemon [_thread_blocked, id=14820, stack(0x000000002e5e0000,0x000000002e6e0000)]
  0x000000001d814000 JavaThread "Cache worker for execution history cache (C:\Users\admin\AndroidStudioProjects\MyApplication2\.gradle\6.5\executionHistory)" [_thread_blocked, id=19256, stack(0x000000002e4e0000,0x000000002e5e0000)]
  0x000000001d810800 JavaThread "Execution worker for ':' Thread 3" [_thread_blocked, id=20696, stack(0x000000002e3e0000,0x000000002e4e0000)]
  0x000000001d811800 JavaThread "Execution worker for ':' Thread 2" [_thread_blocked, id=21812, stack(0x000000002d7b0000,0x000000002d8b0000)]
  0x000000001d80f000 JavaThread "Execution worker for ':'" [_thread_blocked, id=20924, stack(0x000000002c4a0000,0x000000002c5a0000)]
  0x000000001ef61800 JavaThread "Cache worker for file content cache (C:\Users\admin\AndroidStudioProjects\MyApplication2\.gradle\6.5\fileContent)" [_thread_blocked, id=20324, stack(0x0000000028ac0000,0x0000000028bc0000)]
  0x000000001ef5e800 JavaThread "pool-3-thread-1" [_thread_blocked, id=8040, stack(0x00000000287c0000,0x00000000288c0000)]
  0x000000001ef5f000 JavaThread "Cache worker for Build Output Cleanup Cache (C:\Users\admin\AndroidStudioProjects\MyApplication2\.gradle\buildOutputCleanup)" [_thread_blocked, id=22484, stack(0x00000000284c0000,0x00000000285c0000)]
  0x000000001ef5d800 JavaThread "jar transforms Thread 230" [_thread_blocked, id=18056, stack(0x00000000283c0000,0x00000000284c0000)]
  0x000000001ef5c800 JavaThread "jar transforms Thread 229" [_thread_blocked, id=20104, stack(0x00000000282c0000,0x00000000283c0000)]
  0x000000001ef60000 JavaThread "jar transforms Thread 228" [_thread_blocked, id=7892, stack(0x00000000281c0000,0x00000000282c0000)]
  0x000000001ef5c000 JavaThread "jar transforms Thread 227" [_thread_blocked, id=19980, stack(0x00000000280c0000,0x00000000281c0000)]
  0x000000001ef54800 JavaThread "jar transforms Thread 226" [_thread_blocked, id=18028, stack(0x0000000027fc0000,0x00000000280c0000)]
  0x000000001ef5b000 JavaThread "jar transforms Thread 225" [_thread_blocked, id=16588, stack(0x0000000027ec0000,0x0000000027fc0000)]
  0x000000001ef5a800 JavaThread "jar transforms Thread 224" [_thread_blocked, id=11288, stack(0x0000000027dc0000,0x0000000027ec0000)]
  0x000000001ef53000 JavaThread "jar transforms Thread 223" [_thread_blocked, id=17468, stack(0x0000000027cc0000,0x0000000027dc0000)]
  0x000000001ef53800 JavaThread "jar transforms Thread 222" [_thread_blocked, id=20512, stack(0x0000000027bc0000,0x0000000027cc0000)]
  0x000000001ef56800 JavaThread "jar transforms Thread 221" [_thread_blocked, id=15228, stack(0x0000000027ac0000,0x0000000027bc0000)]
  0x000000001ef55000 JavaThread "jar transforms Thread 220" [_thread_blocked, id=13212, stack(0x00000000279c0000,0x0000000027ac0000)]
  0x000000001ef59000 JavaThread "jar transforms Thread 219" [_thread_blocked, id=13192, stack(0x00000000278c0000,0x00000000279c0000)]
  0x000000001ef59800 JavaThread "jar transforms Thread 218" [_thread_blocked, id=1536, stack(0x00000000277c0000,0x00000000278c0000)]
  0x000000001ef56000 JavaThread "jar transforms Thread 217" [_thread_blocked, id=22028, stack(0x00000000276c0000,0x00000000277c0000)]
  0x000000001ef57800 JavaThread "jar transforms Thread 216" [_thread_blocked, id=11336, stack(0x00000000275c0000,0x00000000276c0000)]
  0x000000001ef58000 JavaThread "jar transforms Thread 215" [_thread_blocked, id=15988, stack(0x00000000274c0000,0x00000000275c0000)]
  0x000000001ecb5800 JavaThread "jar transforms Thread 214" [_thread_blocked, id=21248, stack(0x00000000273c0000,0x00000000274c0000)]
  0x000000001ecb2800 JavaThread "jar transforms Thread 213" [_thread_blocked, id=19912, stack(0x00000000272c0000,0x00000000273c0000)]
  0x000000001ecb4000 JavaThread "jar transforms Thread 212" [_thread_blocked, id=21420, stack(0x00000000271c0000,0x00000000272c0000)]
  0x000000001ecb3000 JavaThread "jar transforms Thread 211" [_thread_blocked, id=21940, stack(0x00000000270c0000,0x00000000271c0000)]
  0x000000001ecb4800 JavaThread "jar transforms Thread 210" [_thread_blocked, id=20992, stack(0x0000000026fc0000,0x00000000270c0000)]
  0x000000001ecb1800 JavaThread "jar transforms Thread 209" [_thread_blocked, id=21252, stack(0x0000000026ec0000,0x0000000026fc0000)]
  0x000000001ecb0000 JavaThread "jar transforms Thread 208" [_thread_blocked, id=21904, stack(0x0000000026dc0000,0x0000000026ec0000)]
  0x000000001ecaf800 JavaThread "jar transforms Thread 207" [_thread_blocked, id=20576, stack(0x0000000026cc0000,0x0000000026dc0000)]
  0x000000001ecb1000 JavaThread "jar transforms Thread 206" [_thread_blocked, id=19136, stack(0x0000000026bc0000,0x0000000026cc0000)]
  0x000000001eca7800 JavaThread "jar transforms Thread 205" [_thread_blocked, id=21928, stack(0x0000000026ac0000,0x0000000026bc0000)]
  0x000000001ecae800 JavaThread "jar transforms Thread 204" [_thread_blocked, id=19240, stack(0x00000000269c0000,0x0000000026ac0000)]
  0x000000001ecaa800 JavaThread "jar transforms Thread 203" [_thread_blocked, id=21644, stack(0x00000000268c0000,0x00000000269c0000)]
  0x000000001eca7000 JavaThread "jar transforms Thread 202" [_thread_blocked, id=17792, stack(0x00000000267c0000,0x00000000268c0000)]
  0x000000001ecaa000 JavaThread "jar transforms Thread 201" [_thread_blocked, id=21864, stack(0x00000000266c0000,0x00000000267c0000)]
  0x000000001ecae000 JavaThread "jar transforms Thread 200" [_thread_blocked, id=21264, stack(0x00000000265c0000,0x00000000266c0000)]
  0x000000001ecab800 JavaThread "jar transforms Thread 199" [_thread_blocked, id=16296, stack(0x00000000264c0000,0x00000000265c0000)]
  0x000000001ecad000 JavaThread "jar transforms Thread 198" [_thread_blocked, id=21480, stack(0x00000000263c0000,0x00000000264c0000)]
  0x000000001eca6000 JavaThread "jar transforms Thread 197" [_thread_blocked, id=4848, stack(0x00000000262c0000,0x00000000263c0000)]
  0x000000001ecac000 JavaThread "jar transforms Thread 196" [_thread_blocked, id=12852, stack(0x00000000261c0000,0x00000000262c0000)]
  0x000000001eca9000 JavaThread "jar transforms Thread 195" [_thread_blocked, id=17048, stack(0x00000000260c0000,0x00000000261c0000)]
  0x000000001eca8800 JavaThread "jar transforms Thread 194" [_thread_blocked, id=18700, stack(0x0000000025fc0000,0x00000000260c0000)]
  0x000000001b92b800 JavaThread "jar transforms Thread 193" [_thread_blocked, id=15724, stack(0x0000000025ec0000,0x0000000025fc0000)]
  0x000000001b92b000 JavaThread "jar transforms Thread 192" [_thread_blocked, id=6344, stack(0x0000000025dc0000,0x0000000025ec0000)]
  0x000000001b92a000 JavaThread "jar transforms Thread 191" [_thread_blocked, id=19244, stack(0x0000000025cc0000,0x0000000025dc0000)]
  0x000000001b926800 JavaThread "jar transforms Thread 190" [_thread_blocked, id=19708, stack(0x0000000025bc0000,0x0000000025cc0000)]
  0x000000001b928800 JavaThread "jar transforms Thread 189" [_thread_blocked, id=16584, stack(0x0000000025ac0000,0x0000000025bc0000)]
  0x000000001b925800 JavaThread "jar transforms Thread 188" [_thread_blocked, id=21636, stack(0x00000000259c0000,0x0000000025ac0000)]
  0x000000001b929800 JavaThread "jar transforms Thread 187" [_thread_blocked, id=21580, stack(0x00000000258c0000,0x00000000259c0000)]
  0x000000001b928000 JavaThread "jar transforms Thread 186" [_thread_blocked, id=5532, stack(0x00000000257c0000,0x00000000258c0000)]
  0x000000001b927000 JavaThread "jar transforms Thread 185" [_thread_blocked, id=20816, stack(0x00000000256c0000,0x00000000257c0000)]
  0x000000001b91e000 JavaThread "jar transforms Thread 184" [_thread_blocked, id=19224, stack(0x00000000255c0000,0x00000000256c0000)]
  0x000000001b925000 JavaThread "jar transforms Thread 183" [_thread_blocked, id=18224, stack(0x00000000254c0000,0x00000000255c0000)]
  0x000000001b91d800 JavaThread "jar transforms Thread 182" [_thread_blocked, id=17340, stack(0x00000000253c0000,0x00000000254c0000)]
  0x000000001b924000 JavaThread "jar transforms Thread 181" [_thread_blocked, id=21824, stack(0x00000000252c0000,0x00000000253c0000)]
  0x000000001b91c800 JavaThread "jar transforms Thread 180" [_thread_blocked, id=18140, stack(0x00000000251c0000,0x00000000252c0000)]
  0x000000001b923800 JavaThread "jar transforms Thread 179" [_thread_blocked, id=6504, stack(0x00000000250c0000,0x00000000251c0000)]
  0x000000001b922000 JavaThread "jar transforms Thread 178" [_thread_blocked, id=14912, stack(0x0000000024fc0000,0x00000000250c0000)]
  0x000000001b921000 JavaThread "jar transforms Thread 177" [_thread_blocked, id=19608, stack(0x0000000024ec0000,0x0000000024fc0000)]
  0x000000001b920800 JavaThread "jar transforms Thread 176" [_thread_blocked, id=20156, stack(0x0000000024dc0000,0x0000000024ec0000)]
  0x000000001b922800 JavaThread "jar transforms Thread 175" [_thread_blocked, id=16120, stack(0x0000000024cc0000,0x0000000024dc0000)]
  0x000000001b91f000 JavaThread "jar transforms Thread 174" [_thread_blocked, id=18972, stack(0x0000000024bc0000,0x0000000024cc0000)]
  0x000000001b91f800 JavaThread "jar transforms Thread 173" [_thread_blocked, id=21576, stack(0x0000000024ac0000,0x0000000024bc0000)]
  0x000000001b233000 JavaThread "jar transforms Thread 172" [_thread_blocked, id=20692, stack(0x00000000249c0000,0x0000000024ac0000)]
  0x000000001b235000 JavaThread "jar transforms Thread 171" [_thread_blocked, id=8312, stack(0x00000000248c0000,0x00000000249c0000)]
  0x000000001b234800 JavaThread "jar transforms Thread 170" [_thread_blocked, id=21416, stack(0x00000000247c0000,0x00000000248c0000)]
  0x000000001b230800 JavaThread "jar transforms Thread 169" [_thread_blocked, id=20236, stack(0x00000000246c0000,0x00000000247c0000)]
  0x000000001b231800 JavaThread "jar transforms Thread 168" [_thread_blocked, id=19320, stack(0x00000000245c0000,0x00000000246c0000)]
  0x000000001e1aa000 JavaThread "jar transforms Thread 167" [_thread_blocked, id=11316, stack(0x00000000244c0000,0x00000000245c0000)]
  0x000000001e1a8800 JavaThread "jar transforms Thread 166" [_thread_blocked, id=20728, stack(0x00000000243c0000,0x00000000244c0000)]
  0x000000001e1a9800 JavaThread "jar transforms Thread 165" [_thread_blocked, id=19600, stack(0x00000000242c0000,0x00000000243c0000)]
  0x000000001e1a8000 JavaThread "jar transforms Thread 164" [_thread_blocked, id=19512, stack(0x00000000241c0000,0x00000000242c0000)]
  0x000000001e1a6800 JavaThread "jar transforms Thread 163" [_thread_blocked, id=22512, stack(0x00000000240c0000,0x00000000241c0000)]
  0x000000001e1a5000 JavaThread "jar transforms Thread 162" [_thread_blocked, id=20948, stack(0x0000000023fc0000,0x00000000240c0000)]
  0x000000001e1ab000 JavaThread "jar transforms Thread 161" [_thread_blocked, id=17288, stack(0x0000000023ec0000,0x0000000023fc0000)]
  0x000000001e1a7000 JavaThread "jar transforms Thread 160" [_thread_blocked, id=20616, stack(0x0000000023dc0000,0x0000000023ec0000)]
  0x000000001e19c800 JavaThread "jar transforms Thread 159" [_thread_blocked, id=20612, stack(0x0000000023cc0000,0x0000000023dc0000)]
  0x000000001e1a0800 JavaThread "jar transforms Thread 158" [_thread_blocked, id=20604, stack(0x0000000023bc0000,0x0000000023cc0000)]
  0x000000001e19f800 JavaThread "jar transforms Thread 157" [_thread_blocked, id=10468, stack(0x0000000023ac0000,0x0000000023bc0000)]
  0x000000001e1a3800 JavaThread "jar transforms Thread 156" [_thread_blocked, id=8916, stack(0x00000000239c0000,0x0000000023ac0000)]
  0x000000001e19e000 JavaThread "jar transforms Thread 155" [_thread_blocked, id=1440, stack(0x00000000238c0000,0x00000000239c0000)]
  0x000000001b247800 JavaThread "jar transforms Thread 154" [_thread_blocked, id=5272, stack(0x00000000237c0000,0x00000000238c0000)]
  0x000000001b24a800 JavaThread "jar transforms Thread 153" [_thread_blocked, id=19140, stack(0x00000000236c0000,0x00000000237c0000)]
  0x000000001b24b800 JavaThread "jar transforms Thread 152" [_thread_blocked, id=16984, stack(0x00000000235c0000,0x00000000236c0000)]
  0x000000001b24a000 JavaThread "jar transforms Thread 151" [_thread_blocked, id=18172, stack(0x00000000234c0000,0x00000000235c0000)]
  0x000000001b247000 JavaThread "jar transforms Thread 150" [_thread_blocked, id=18820, stack(0x00000000233c0000,0x00000000234c0000)]
  0x000000001b248800 JavaThread "jar transforms Thread 149" [_thread_blocked, id=16740, stack(0x00000000232c0000,0x00000000233c0000)]
  0x000000001b24d000 JavaThread "jar transforms Thread 148" [_thread_blocked, id=18064, stack(0x00000000231c0000,0x00000000232c0000)]
  0x000000001b249000 JavaThread "jar transforms Thread 147" [_thread_blocked, id=15172, stack(0x00000000230c0000,0x00000000231c0000)]
  0x000000001b24c000 JavaThread "jar transforms Thread 146" [_thread_blocked, id=8500, stack(0x0000000022fc0000,0x00000000230c0000)]
  0x000000001b23f800 JavaThread "jar transforms Thread 145" [_thread_blocked, id=13908, stack(0x0000000022ec0000,0x0000000022fc0000)]
  0x000000001b246000 JavaThread "jar transforms Thread 144" [_thread_blocked, id=17780, stack(0x0000000022dc0000,0x0000000022ec0000)]
  0x000000001b23e800 JavaThread "jar transforms Thread 143" [_thread_blocked, id=7900, stack(0x0000000022cc0000,0x0000000022dc0000)]
  0x000000001b244800 JavaThread "jar transforms Thread 142" [_thread_blocked, id=18392, stack(0x0000000022bc0000,0x0000000022cc0000)]
  0x000000001b245800 JavaThread "jar transforms Thread 141" [_thread_blocked, id=18400, stack(0x0000000022ac0000,0x0000000022bc0000)]
  0x000000001b244000 JavaThread "jar transforms Thread 140" [_thread_blocked, id=2464, stack(0x00000000229c0000,0x0000000022ac0000)]
  0x000000001b23e000 JavaThread "jar transforms Thread 139" [_thread_blocked, id=18320, stack(0x00000000228c0000,0x00000000229c0000)]
  0x000000001b243000 JavaThread "jar transforms Thread 138" [_thread_blocked, id=16980, stack(0x00000000227c0000,0x00000000228c0000)]
  0x000000001b242800 JavaThread "jar transforms Thread 137" [_thread_blocked, id=5476, stack(0x00000000226c0000,0x00000000227c0000)]
  0x000000001bb99800 JavaThread "jar transforms Thread 136" [_thread_blocked, id=11652, stack(0x00000000225c0000,0x00000000226c0000)]
  0x000000001bb96800 JavaThread "jar transforms Thread 135" [_thread_blocked, id=13840, stack(0x00000000224c0000,0x00000000225c0000)]
  0x000000001bb9b800 JavaThread "jar transforms Thread 134" [_thread_blocked, id=15616, stack(0x00000000223c0000,0x00000000224c0000)]
  0x000000001bb95800 JavaThread "jar transforms Thread 133" [_thread_blocked, id=8532, stack(0x00000000222c0000,0x00000000223c0000)]
  0x000000001bb9c800 JavaThread "jar transforms Thread 132" [_thread_blocked, id=19700, stack(0x00000000221c0000,0x00000000222c0000)]
  0x000000001bb97000 JavaThread "jar transforms Thread 131" [_thread_blocked, id=4704, stack(0x00000000220c0000,0x00000000221c0000)]
  0x000000001bb9b000 JavaThread "jar transforms Thread 130" [_thread_blocked, id=20084, stack(0x0000000021fc0000,0x00000000220c0000)]
  0x000000001bb98800 JavaThread "jar transforms Thread 129" [_thread_blocked, id=20096, stack(0x0000000021ec0000,0x0000000021fc0000)]
  0x000000001bb98000 JavaThread "jar transforms Thread 128" [_thread_blocked, id=17368, stack(0x0000000021dc0000,0x0000000021ec0000)]
  0x000000001bb9a000 JavaThread "jar transforms Thread 127" [_thread_blocked, id=21932, stack(0x0000000021bc0000,0x0000000021cc0000)]
  0x000000001bb8e000 JavaThread "jar transforms Thread 126" [_thread_blocked, id=14848, stack(0x0000000021ac0000,0x0000000021bc0000)]
  0x000000001bb95000 JavaThread "jar transforms Thread 125" [_thread_blocked, id=13940, stack(0x00000000219c0000,0x0000000021ac0000)]
  0x000000001bb8d800 JavaThread "jar transforms Thread 124" [_thread_blocked, id=1808, stack(0x00000000218c0000,0x00000000219c0000)]
  0x000000001bb92800 JavaThread "jar transforms Thread 123" [_thread_blocked, id=20928, stack(0x00000000217c0000,0x00000000218c0000)]
  0x000000001bb92000 JavaThread "jar transforms Thread 122" [_thread_blocked, id=1192, stack(0x00000000216c0000,0x00000000217c0000)]
  0x000000001bb94000 JavaThread "jar transforms Thread 121" [_thread_blocked, id=20036, stack(0x00000000215c0000,0x00000000216c0000)]
  0x000000001bb91000 JavaThread "jar transforms Thread 120" [_thread_blocked, id=17140, stack(0x00000000214c0000,0x00000000215c0000)]
  0x000000001bb90800 JavaThread "jar transforms Thread 119" [_thread_blocked, id=20772, stack(0x00000000213c0000,0x00000000214c0000)]
  0x000000001bb93800 JavaThread "jar transforms Thread 118" [_thread_blocked, id=13008, stack(0x00000000212c0000,0x00000000213c0000)]
  0x000000001e3cb000 JavaThread "jar transforms Thread 117" [_thread_blocked, id=19808, stack(0x00000000211c0000,0x00000000212c0000)]
  0x000000001e3cb800 JavaThread "jar transforms Thread 116" [_thread_blocked, id=21816, stack(0x00000000210c0000,0x00000000211c0000)]
  0x000000001e3cd000 JavaThread "Build operations Thread 4" [_thread_blocked, id=12480, stack(0x0000000020fc0000,0x00000000210c0000)]
  0x000000001e3cc800 JavaThread "Build operations Thread 3" [_thread_blocked, id=16084, stack(0x0000000020ec0000,0x0000000020fc0000)]
  0x000000001e3ca000 JavaThread "Build operations Thread 2" [_thread_blocked, id=20712, stack(0x00000000206c0000,0x00000000207c0000)]
  0x000000001e3c9800 JavaThread "Build operations" [_thread_blocked, id=19032, stack(0x000000001ea70000,0x000000001eb70000)]
  0x000000001e3c7000 JavaThread "Cache worker for cache directory md-rule (C:\Users\admin\.gradle\caches\6.5\md-rule)" [_thread_blocked, id=21600, stack(0x000000001e970000,0x000000001ea70000)]
  0x000000001e3c6800 JavaThread "Cache worker for cache directory md-supplier (C:\Users\admin\.gradle\caches\6.5\md-supplier)" [_thread_blocked, id=18484, stack(0x000000001cfa0000,0x000000001d0a0000)]
  0x000000001e3c5800 JavaThread "Cache worker for checksums cache (C:\Users\admin\AndroidStudioProjects\MyApplication2\.gradle\checksums)" [_thread_blocked, id=20964, stack(0x000000001cea0000,0x000000001cfa0000)]
  0x000000001e3be000 JavaThread "Cache worker for file hash cache (C:\Users\admin\AndroidStudioProjects\MyApplication2\.gradle\6.5\fileHashes)" [_thread_blocked, id=20776, stack(0x000000001cda0000,0x000000001cea0000)]
  0x000000001e3c5000 JavaThread "Thread-157" [_thread_blocked, id=20304, stack(0x000000001cca0000,0x000000001cda0000)]
  0x000000001e3c3800 JavaThread "Stdin handler" [_thread_blocked, id=18164, stack(0x000000001cba0000,0x000000001cca0000)]
  0x000000001e3c2000 JavaThread "Asynchronous log dispatcher for DefaultDaemonConnection: socket connection from /127.0.0.1:64293 to /127.0.0.1:55359" [_thread_blocked, id=17440, stack(0x000000001caa0000,0x000000001cba0000)]
  0x000000001e3c2800 JavaThread "Daemon worker Thread 2" [_thread_blocked, id=18476, stack(0x000000001c9a0000,0x000000001caa0000)]
  0x000000001e3c4000 JavaThread "Cancel handler" [_thread_blocked, id=18544, stack(0x000000001c350000,0x000000001c450000)]
  0x000000001e3bf000 JavaThread "Handler for socket connection from /127.0.0.1:64293 to /127.0.0.1:55359" [_thread_in_native, id=20372, stack(0x000000001c250000,0x000000001c350000)]
  0x000000001e3bf800 JavaThread "Daemon Thread 2" [_thread_blocked, id=18576, stack(0x0000000000c70000,0x0000000000d70000)]
  0x000000001e1a5800 JavaThread "Cache worker for Java compile cache (C:\Users\admin\.gradle\caches\6.5\javaCompile)" [_thread_blocked, id=21572, stack(0x000000002e0e0000,0x000000002e1e0000)]
  0x000000001e1a2800 JavaThread "RMI Reaper" [_thread_blocked, id=21656, stack(0x000000002d4a0000,0x000000002d5a0000)]
  0x000000001e1a1000 JavaThread "RMI TCP Accept-0" daemon [_thread_in_native, id=13944, stack(0x000000002d3a0000,0x000000002d4a0000)]
  0x000000001e19d800 JavaThread "GC Daemon" daemon [_thread_blocked, id=22472, stack(0x000000002d2a0000,0x000000002d3a0000)]
  0x000000001e1a2000 JavaThread "RMI Scheduler(0)" daemon [_thread_blocked, id=15132, stack(0x000000002d0a0000,0x000000002d1a0000)]
  0x000000001e3c8800 JavaThread "Memory manager" [_thread_blocked, id=18104, stack(0x000000002bca0000,0x000000002bda0000)]
  0x000000001b236000 JavaThread "Cache worker for file content cache (C:\Users\admin\.gradle\caches\6.5\fileContent)" [_thread_blocked, id=21256, stack(0x00000000207c0000,0x00000000208c0000)]
  0x000000001b232000 JavaThread "Cache worker for execution history cache (C:\Users\admin\.gradle\caches\6.5\executionHistory)" [_thread_blocked, id=19528, stack(0x000000001ffc0000,0x00000000200c0000)]
  0x000000001b237800 JavaThread "Cache worker for file hash cache (C:\Users\admin\.gradle\caches\6.5\fileHashes)" [_thread_blocked, id=20620, stack(0x000000001d4a0000,0x000000001d5a0000)]
  0x0000000019742000 JavaThread "File lock request listener" [_thread_in_native, id=17760, stack(0x000000001d3a0000,0x000000001d4a0000)]
  0x000000001b23c800 JavaThread "Cache worker for journal cache (C:\Users\admin\.gradle\caches\journal-1)" [_thread_blocked, id=18416, stack(0x000000001d2a0000,0x000000001d3a0000)]
  0x000000001af5a000 JavaThread "Daemon periodic checks" [_thread_blocked, id=20100, stack(0x000000001c6a0000,0x000000001c7a0000)]
  0x000000001af58000 JavaThread "Incoming local TCP Connector on port 64293" [_thread_in_native, id=15680, stack(0x000000001c450000,0x000000001c550000)]
  0x000000001af22000 JavaThread "Daemon health stats" [_thread_blocked, id=19620, stack(0x000000001be10000,0x000000001bf10000)]
  0x000000001757e800 JavaThread "Service Thread" daemon [_thread_blocked, id=18876, stack(0x0000000019270000,0x0000000019370000)]
  0x000000001757a000 JavaThread "C1 CompilerThread2" daemon [_thread_blocked, id=6236, stack(0x0000000018d70000,0x0000000018e70000)]
=>0x000000001752d800 JavaThread "C2 CompilerThread1" daemon [_thread_in_native, id=17420, stack(0x0000000018c70000,0x0000000018d70000)]
  0x0000000017527000 JavaThread "C2 CompilerThread0" daemon [_thread_in_native, id=388, stack(0x0000000018b70000,0x0000000018c70000)]
  0x0000000017525800 JavaThread "Attach Listener" daemon [_thread_blocked, id=14280, stack(0x0000000018a70000,0x0000000018b70000)]
  0x0000000017524800 JavaThread "Signal Dispatcher" daemon [_thread_blocked, id=21792, stack(0x0000000018970000,0x0000000018a70000)]
  0x00000000028fb800 JavaThread "Finalizer" daemon [_thread_blocked, id=5436, stack(0x0000000018770000,0x0000000018870000)]
  0x0000000017509000 JavaThread "Reference Handler" daemon [_thread_blocked, id=492, stack(0x0000000018670000,0x0000000018770000)]
  0x000000000262e000 JavaThread "main" [_thread_blocked, id=5704, stack(0x0000000002700000,0x0000000002800000)]

Other Threads:
  0x00000000174e6800 VMThread [stack: 0x0000000018570000,0x0000000018670000] [id=21392]
  0x0000000018ea2800 WatcherThread [stack: 0x0000000019370000,0x0000000019470000] [id=7356]

VM state:not at safepoint (normal execution)

VM Mutex/Monitor currently owned by a thread: None

heap address: 0x0000000080000000, size: 2048 MB, Compressed Oops mode: 32-bit
Narrow klass base: 0x0000000000000000, Narrow klass shift: 3
Compressed class space size: 1073741824 Address: 0x0000000100000000

Heap:
 PSYoungGen      total 400384K, used 267106K [0x00000000d5580000, 0x00000000f2080000, 0x0000000100000000)
  eden space 359424K, 74% used [0x00000000d5580000,0x00000000e5a58b58,0x00000000eb480000)
  from space 40960K, 0% used [0x00000000ee680000,0x00000000ee680000,0x00000000f0e80000)
  to   space 51200K, 0% used [0x00000000eb480000,0x00000000eb480000,0x00000000ee680000)
 ParOldGen       total 325120K, used 73523K [0x0000000080000000, 0x0000000093d80000, 0x00000000d5580000)
  object space 325120K, 22% used [0x0000000080000000,0x00000000847ccc58,0x0000000093d80000)
 Metaspace       used 101563K, capacity 106074K, committed 106392K, reserved 1140736K
  class space    used 13293K, capacity 14137K, committed 14232K, reserved 1048576K

Card table byte_map: [0x0000000011cc0000,0x00000000120d0000] byte_map_base: 0x00000000118c0000

Marking Bits: (ParMarkBitMap*) 0x000000006685f030
 Begin Bits: [0x0000000012780000, 0x0000000014780000)
 End Bits:   [0x0000000014780000, 0x0000000016780000)

Polling page: 0x0000000000880000

CodeCache: size=245760Kb used=43221Kb max_used=43514Kb free=202538Kb
 bounds [0x0000000002900000, 0x00000000053d0000, 0x0000000011900000]
 total_blobs=14206 nmethods=13256 adapters=860
 compilation: enabled

Compilation events (10 events):
Event: 150.120 Thread 0x000000001757a000 15766       1       org.gradle.api.internal.artifacts.configurations.DefaultConfiguration::access$1400 (5 bytes)
Event: 150.120 Thread 0x000000001757a000 nmethod 15766 0x0000000003a3c1d0 code [0x0000000003a3c320, 0x0000000003a3c410]
Event: 150.120 Thread 0x000000001752d800 15767       4       org.gradle.api.internal.artifacts.ivyservice.dependencysubstitution.ModuleSelectorStringNotationConverter::parseType (9 bytes)
Event: 150.120 Thread 0x0000000017527000 15768       4       org.gradle.api.internal.artifacts.ivyservice.dependencysubstitution.ModuleSelectorStringNotationConverter::parseType (141 bytes)
Event: 150.121 Thread 0x000000001757a000 15770       1       java.lang.Thread::getId (5 bytes)
Event: 150.121 Thread 0x000000001757a000 nmethod 15770 0x000000000345ab90 code [0x000000000345ace0, 0x000000000345adf0]
Event: 150.128 Thread 0x000000001757a000 15771       1       org.gradle.api.internal.artifacts.dependencies.DefaultSelfResolvingDependency::getFiles (5 bytes)
Event: 150.129 Thread 0x000000001757a000 nmethod 15771 0x0000000002efdbd0 code [0x0000000002efdd20, 0x0000000002efde30]
Event: 150.131 Thread 0x000000001757a000 15772       3       org.gradle.api.internal.artifacts.ivyservice.resolveengine.artifact.LocalFileDependencyBackedArtifactSet$SingletonFileResolvedVariant::getVariants (5 bytes)
Event: 150.132 Thread 0x000000001757a000 nmethod 15772 0x0000000003d30690 code [0x0000000003d30820, 0x0000000003d30bb0]

GC Heap History (10 events):
Event: 21.432 GC heap before
{Heap before GC invocations=10 (full 3):
 PSYoungGen      total 326144K, used 20472K [0x00000000d5580000, 0x00000000ecd80000, 0x0000000100000000)
  eden space 305664K, 0% used [0x00000000d5580000,0x00000000d5580000,0x00000000e8000000)
  from space 20480K, 99% used [0x00000000e8000000,0x00000000e93fe220,0x00000000e9400000)
  to   space 26624K, 0% used [0x00000000eb380000,0x00000000eb380000,0x00000000ecd80000)
 ParOldGen       total 145408K, used 28042K [0x0000000080000000, 0x0000000088e00000, 0x00000000d5580000)
  object space 145408K, 19% used [0x0000000080000000,0x0000000081b62828,0x0000000088e00000)
 Metaspace       used 56859K, capacity 59086K, committed 59160K, reserved 1099776K
  class space    used 7679K, capacity 8153K, committed 8216K, reserved 1048576K
Event: 21.772 GC heap after
Heap after GC invocations=10 (full 3):
 PSYoungGen      total 326144K, used 0K [0x00000000d5580000, 0x00000000ecd80000, 0x0000000100000000)
  eden space 305664K, 0% used [0x00000000d5580000,0x00000000d5580000,0x00000000e8000000)
  from space 20480K, 0% used [0x00000000e8000000,0x00000000e8000000,0x00000000e9400000)
  to   space 26624K, 0% used [0x00000000eb380000,0x00000000eb380000,0x00000000ecd80000)
 ParOldGen       total 210432K, used 38167K [0x0000000080000000, 0x000000008cd80000, 0x00000000d5580000)
  object space 210432K, 18% used [0x0000000080000000,0x0000000082545d40,0x000000008cd80000)
 Metaspace       used 56842K, capacity 59026K, committed 59160K, reserved 1099776K
  class space    used 7674K, capacity 8143K, committed 8216K, reserved 1048576K
}
Event: 30.321 GC heap before
{Heap before GC invocations=11 (full 3):
 PSYoungGen      total 326144K, used 305664K [0x00000000d5580000, 0x00000000ecd80000, 0x0000000100000000)
  eden space 305664K, 100% used [0x00000000d5580000,0x00000000e8000000,0x00000000e8000000)
  from space 20480K, 0% used [0x00000000e8000000,0x00000000e8000000,0x00000000e9400000)
  to   space 26624K, 0% used [0x00000000eb380000,0x00000000eb380000,0x00000000ecd80000)
 ParOldGen       total 210432K, used 38167K [0x0000000080000000, 0x000000008cd80000, 0x00000000d5580000)
  object space 210432K, 18% used [0x0000000080000000,0x0000000082545d40,0x000000008cd80000)
 Metaspace       used 70495K, capacity 73536K, committed 73752K, reserved 1112064K
  class space    used 9613K, capacity 10222K, committed 10264K, reserved 1048576K
Event: 30.373 GC heap after
Heap after GC invocations=11 (full 3):
 PSYoungGen      total 353280K, used 26609K [0x00000000d5580000, 0x00000000f0900000, 0x0000000100000000)
  eden space 326656K, 0% used [0x00000000d5580000,0x00000000d5580000,0x00000000e9480000)
  from space 26624K, 99% used [0x00000000eb380000,0x00000000ecd7c748,0x00000000ecd80000)
  to   space 31744K, 0% used [0x00000000e9480000,0x00000000e9480000,0x00000000eb380000)
 ParOldGen       total 210432K, used 39972K [0x0000000080000000, 0x000000008cd80000, 0x00000000d5580000)
  object space 210432K, 18% used [0x0000000080000000,0x0000000082709380,0x000000008cd80000)
 Metaspace       used 70495K, capacity 73536K, committed 73752K, reserved 1112064K
  class space    used 9613K, capacity 10222K, committed 10264K, reserved 1048576K
}
Event: 49.877 GC heap before
{Heap before GC invocations=12 (full 3):
 PSYoungGen      total 353280K, used 353265K [0x00000000d5580000, 0x00000000f0900000, 0x0000000100000000)
  eden space 326656K, 100% used [0x00000000d5580000,0x00000000e9480000,0x00000000e9480000)
  from space 26624K, 99% used [0x00000000eb380000,0x00000000ecd7c748,0x00000000ecd80000)
  to   space 31744K, 0% used [0x00000000e9480000,0x00000000e9480000,0x00000000eb380000)
 ParOldGen       total 210432K, used 39972K [0x0000000080000000, 0x000000008cd80000, 0x00000000d5580000)
  object space 210432K, 18% used [0x0000000080000000,0x0000000082709380,0x000000008cd80000)
 Metaspace       used 81994K, capacity 85462K, committed 85784K, reserved 1124352K
  class space    used 10788K, capacity 11475K, committed 11544K, reserved 1048576K
Event: 49.944 GC heap after
Heap after GC invocations=12 (full 3):
 PSYoungGen      total 358400K, used 31727K [0x00000000d5580000, 0x00000000f0e80000, 0x0000000100000000)
  eden space 326656K, 0% used [0x00000000d5580000,0x00000000d5580000,0x00000000e9480000)
  from space 31744K, 99% used [0x00000000e9480000,0x00000000eb37bc78,0x00000000eb380000)
  to   space 40960K, 0% used [0x00000000ee680000,0x00000000ee680000,0x00000000f0e80000)
 ParOldGen       total 210432K, used 50399K [0x0000000080000000, 0x000000008cd80000, 0x00000000d5580000)
  object space 210432K, 23% used [0x0000000080000000,0x0000000083137cd8,0x000000008cd80000)
 Metaspace       used 81994K, capacity 85462K, committed 85784K, reserved 1124352K
  class space    used 10788K, capacity 11475K, committed 11544K, reserved 1048576K
}
Event: 62.953 GC heap before
{Heap before GC invocations=13 (full 3):
 PSYoungGen      total 358400K, used 239586K [0x00000000d5580000, 0x00000000f0e80000, 0x0000000100000000)
  eden space 326656K, 63% used [0x00000000d5580000,0x00000000e207cdd8,0x00000000e9480000)
  from space 31744K, 99% used [0x00000000e9480000,0x00000000eb37bc78,0x00000000eb380000)
  to   space 40960K, 0% used [0x00000000ee680000,0x00000000ee680000,0x00000000f0e80000)
 ParOldGen       total 210432K, used 50399K [0x0000000080000000, 0x000000008cd80000, 0x00000000d5580000)
  object space 210432K, 23% used [0x0000000080000000,0x0000000083137cd8,0x000000008cd80000)
 Metaspace       used 94048K, capacity 98510K, committed 98600K, reserved 1134592K
  class space    used 12524K, capacity 13411K, committed 13464K, reserved 1048576K
Event: 63.038 GC heap after
Heap after GC invocations=13 (full 3):
 PSYoungGen      total 400384K, used 40957K [0x00000000d5580000, 0x00000000f2080000, 0x0000000100000000)
  eden space 359424K, 0% used [0x00000000d5580000,0x00000000d5580000,0x00000000eb480000)
  from space 40960K, 99% used [0x00000000ee680000,0x00000000f0e7f5b0,0x00000000f0e80000)
  to   space 51200K, 0% used [0x00000000eb480000,0x00000000eb480000,0x00000000ee680000)
 ParOldGen       total 210432K, used 61304K [0x0000000080000000, 0x000000008cd80000, 0x00000000d5580000)
  object space 210432K, 29% used [0x0000000080000000,0x0000000083bde3a8,0x000000008cd80000)
 Metaspace       used 94048K, capacity 98510K, committed 98600K, reserved 1134592K
  class space    used 12524K, capacity 13411K, committed 13464K, reserved 1048576K
}
Event: 63.038 GC heap before
{Heap before GC invocations=14 (full 4):
 PSYoungGen      total 400384K, used 40957K [0x00000000d5580000, 0x00000000f2080000, 0x0000000100000000)
  eden space 359424K, 0% used [0x00000000d5580000,0x00000000d5580000,0x00000000eb480000)
  from space 40960K, 99% used [0x00000000ee680000,0x00000000f0e7f5b0,0x00000000f0e80000)
  to   space 51200K, 0% used [0x00000000eb480000,0x00000000eb480000,0x00000000ee680000)
 ParOldGen       total 210432K, used 61304K [0x0000000080000000, 0x000000008cd80000, 0x00000000d5580000)
  object space 210432K, 29% used [0x0000000080000000,0x0000000083bde3a8,0x000000008cd80000)
 Metaspace       used 94048K, capacity 98510K, committed 98600K, reserved 1134592K
  class space    used 12524K, capacity 13411K, committed 13464K, reserved 1048576K
Event: 63.623 GC heap after
Heap after GC invocations=14 (full 4):
 PSYoungGen      total 400384K, used 0K [0x00000000d5580000, 0x00000000f2080000, 0x0000000100000000)
  eden space 359424K, 0% used [0x00000000d5580000,0x00000000d5580000,0x00000000eb480000)
  from space 40960K, 0% used [0x00000000ee680000,0x00000000ee680000,0x00000000f0e80000)
  to   space 51200K, 0% used [0x00000000eb480000,0x00000000eb480000,0x00000000ee680000)
 ParOldGen       total 325120K, used 73523K [0x0000000080000000, 0x0000000093d80000, 0x00000000d5580000)
  object space 325120K, 22% used [0x0000000080000000,0x00000000847ccc58,0x0000000093d80000)
 Metaspace       used 93353K, capacity 97558K, committed 98600K, reserved 1134592K
  class space    used 12484K, capacity 13321K, committed 13464K, reserved 1048576K
}

Deoptimization events (10 events):
Event: 144.029 Thread 0x000000001e3c2800 Uncommon trap: reason=class_check action=maybe_recompile pc=0x000000000411a7e8 method=com.google.common.collect.ImmutableList.hashCode()I @ 3
Event: 144.250 Thread 0x000000001e3c2800 Uncommon trap: reason=array_check action=maybe_recompile pc=0x00000000050525d0 method=java.util.TimSort.binarySort([Ljava/lang/Object;IIILjava/util/Comparator;)V @ 215
Event: 144.269 Thread 0x000000001e3c2800 Uncommon trap: reason=array_check action=maybe_recompile pc=0x00000000050525d0 method=java.util.TimSort.binarySort([Ljava/lang/Object;IIILjava/util/Comparator;)V @ 215
Event: 145.653 Thread 0x000000001b23c800 Uncommon trap: reason=unstable_if action=reinterpret pc=0x000000000414f0b4 method=java.util.concurrent.locks.AbstractQueuedSynchronizer$ConditionObject.awaitNanos(J)J @ 73
Event: 145.756 Thread 0x000000001d80f000 Uncommon trap: reason=unstable_if action=reinterpret pc=0x0000000004940094 method=com.google.common.collect.ImmutableSet.construct(I[Ljava/lang/Object;)Lcom/google/common/collect/ImmutableSet; @ 203
Event: 145.802 Thread 0x000000001d80f000 Uncommon trap: reason=class_check action=maybe_recompile pc=0x000000000308c02c method=java.util.WeakHashMap.eq(Ljava/lang/Object;Ljava/lang/Object;)Z @ 7
Event: 145.851 Thread 0x000000001d80d800 Uncommon trap: reason=class_check action=maybe_recompile pc=0x000000000382e974 method=java.lang.ThreadLocal.set(Ljava/lang/Object;)V @ 26
Event: 146.561 Thread 0x000000001e19c000 Uncommon trap: reason=class_check action=maybe_recompile pc=0x000000000382e974 method=java.lang.ThreadLocal.set(Ljava/lang/Object;)V @ 26
Event: 149.696 Thread 0x000000001d80d800 Uncommon trap: reason=bimorphic action=maybe_recompile pc=0x000000000516a8ec method=java.io.DataInputStream.readChar()C @ 4
Event: 149.696 Thread 0x000000001d80d800 Uncommon trap: reason=bimorphic action=maybe_recompile pc=0x000000000516a8ec method=java.io.DataInputStream.readChar()C @ 4

Classes redefined (0 events):
No events

Internal exceptions (10 events):
Event: 63.990 Thread 0x000000001947c800 Implicit null exception at 0x000000000433c92c to 0x000000000433c975
Event: 139.176 Thread 0x000000001e3c2800 Implicit null exception at 0x0000000002fdd19e to 0x0000000002fddad9
Event: 139.176 Thread 0x000000001e3c2800 Implicit null exception at 0x00000000042f4aec to 0x00000000042f7b41
Event: 139.726 Thread 0x000000001e3c2800 Exception <a 'sun/nio/fs/WindowsException'> (0x00000000db6b5dd8) thrown at [C:\src\AOSP-openjdk-git\hotspot\src\share\vm\prims\jni.cpp, line 710]
Event: 140.128 Thread 0x000000001e3c2800 Exception <a 'sun/nio/fs/WindowsException'> (0x00000000dc293d20) thrown at [C:\src\AOSP-openjdk-git\hotspot\src\share\vm\prims\jni.cpp, line 710]
Event: 141.732 Thread 0x000000001e3c2800 Implicit null exception at 0x0000000004175e54 to 0x000000000417847d
Event: 143.139 Thread 0x000000001e3c2800 Implicit null exception at 0x00000000038e0b65 to 0x00000000038e0c95
Event: 145.508 Thread 0x000000001d80f000 Exception <a 'sun/nio/fs/WindowsException'> (0x00000000e4fb5740) thrown at [C:\src\AOSP-openjdk-git\hotspot\src\share\vm\prims\jni.cpp, line 710]
Event: 145.508 Thread 0x000000001d80f000 Exception <a 'sun/nio/fs/WindowsException'> (0x00000000e4fb6440) thrown at [C:\src\AOSP-openjdk-git\hotspot\src\share\vm\prims\jni.cpp, line 710]
Event: 145.815 Thread 0x000000001d80d000 Exception <a 'java/lang/InterruptedException'> (0x00000000e5426c88) thrown at [C:\src\AOSP-openjdk-git\hotspot\src\share\vm\runtime\objectMonitor.cpp, line 1680]

Events (10 events):
Event: 150.107 Thread 0x000000001757a000 flushing nmethod 0x00000000042ac850
Event: 150.107 Thread 0x000000001757a000 flushing nmethod 0x00000000042ad510
Event: 150.107 Thread 0x000000001757a000 flushing nmethod 0x00000000042d60d0
Event: 150.108 Thread 0x000000001757a000 flushing nmethod 0x0000000004452e90
Event: 150.121 Thread 0x000000001757a000 flushing nmethod 0x00000000046bfa90
Event: 150.122 Thread 0x000000001757a000 flushing nmethod 0x000000000498f290
Event: 150.129 Thread 0x000000001757a000 flushing nmethod 0x0000000004b10390
Event: 150.129 Thread 0x000000001757a000 flushing nmethod 0x0000000004b34110
Event: 150.130 Thread 0x000000001757a000 flushing nmethod 0x0000000004c62fd0
Event: 150.133 Thread 0x000000001757a000 flushing nmethod 0x0000000004f11550


Dynamic libraries:
0x00007ff6391a0000 - 0x00007ff6391d1000 	C:\Program Files\Android\Android Studio\jre\bin\java.exe
0x00007ff9230c0000 - 0x00007ff9232b0000 	C:\Windows\SYSTEM32\ntdll.dll
0x00007ff921450000 - 0x00007ff921502000 	C:\Windows\System32\KERNEL32.DLL
0x00007ff920160000 - 0x00007ff920403000 	C:\Windows\System32\KERNELBASE.dll
0x00007ff9220c0000 - 0x00007ff922163000 	C:\Windows\System32\ADVAPI32.dll
0x00007ff921f20000 - 0x00007ff921fbe000 	C:\Windows\System32\msvcrt.dll
0x00007ff9224b0000 - 0x00007ff922547000 	C:\Windows\System32\sechost.dll
0x00007ff922550000 - 0x00007ff922670000 	C:\Windows\System32\RPCRT4.dll
0x00007ff922170000 - 0x00007ff922304000 	C:\Windows\System32\USER32.dll
0x00007ff921180000 - 0x00007ff9211a1000 	C:\Windows\System32\win32u.dll
0x00007ff921fc0000 - 0x00007ff921fe6000 	C:\Windows\System32\GDI32.dll
0x00007ff920730000 - 0x00007ff9208c4000 	C:\Windows\System32\gdi32full.dll
0x00007ff920690000 - 0x00007ff92072e000 	C:\Windows\System32\msvcp_win.dll
0x00007ff920410000 - 0x00007ff92050a000 	C:\Windows\System32\ucrtbase.dll
0x00007ff90c260000 - 0x00007ff90c4e5000 	C:\Windows\WinSxS\amd64_microsoft.windows.common-controls_6595b64144ccf1df_6.0.18362.535_none_e6c3b34713100821\COMCTL32.dll
0x00007ff921690000 - 0x00007ff9219c6000 	C:\Windows\System32\combase.dll
0x00007ff920920000 - 0x00007ff9209a0000 	C:\Windows\System32\bcryptPrimitives.dll
0x00007ff922480000 - 0x00007ff9224ae000 	C:\Windows\System32\IMM32.DLL
0x0000000065620000 - 0x00000000656f2000 	C:\Program Files\Android\Android Studio\jre\jre\bin\msvcr100.dll
0x0000000066090000 - 0x00000000668db000 	C:\Program Files\Android\Android Studio\jre\jre\bin\server\jvm.dll
0x00007ff922f00000 - 0x00007ff922f08000 	C:\Windows\System32\PSAPI.DLL
0x00007ff91b770000 - 0x00007ff91b779000 	C:\Windows\SYSTEM32\WSOCK32.dll
0x00007ff921570000 - 0x00007ff9215df000 	C:\Windows\System32\WS2_32.dll
0x00007ff91c930000 - 0x00007ff91c954000 	C:\Windows\SYSTEM32\WINMM.dll
0x00007ff91a3b0000 - 0x00007ff91a3ba000 	C:\Windows\SYSTEM32\VERSION.dll
0x00007ff91c900000 - 0x00007ff91c92d000 	C:\Windows\SYSTEM32\winmmbase.dll
0x00007ff9208d0000 - 0x00007ff92091a000 	C:\Windows\System32\cfgmgr32.dll
0x00007ff91b5b0000 - 0x00007ff91b5bf000 	C:\Program Files\Android\Android Studio\jre\jre\bin\verify.dll
0x00007ff90e420000 - 0x00007ff90e449000 	C:\Program Files\Android\Android Studio\jre\jre\bin\java.dll
0x00007ff918010000 - 0x00007ff918026000 	C:\Program Files\Android\Android Studio\jre\jre\bin\zip.dll
0x00007ff922720000 - 0x00007ff922e05000 	C:\Windows\System32\SHELL32.dll
0x00007ff922670000 - 0x00007ff922719000 	C:\Windows\System32\shcore.dll
0x00007ff9209a0000 - 0x00007ff92111f000 	C:\Windows\System32\windows.storage.dll
0x00007ff920070000 - 0x00007ff92008f000 	C:\Windows\System32\profapi.dll
0x00007ff920020000 - 0x00007ff92006a000 	C:\Windows\System32\powrprof.dll
0x00007ff91ffd0000 - 0x00007ff91ffe0000 	C:\Windows\System32\UMPDC.dll
0x00007ff921230000 - 0x00007ff921282000 	C:\Windows\System32\shlwapi.dll
0x00007ff920000000 - 0x00007ff920011000 	C:\Windows\System32\kernel.appcore.dll
0x00007ff920090000 - 0x00007ff9200a7000 	C:\Windows\System32\cryptsp.dll
0x00007ff90e610000 - 0x00007ff90e62a000 	C:\Program Files\Android\Android Studio\jre\jre\bin\net.dll
0x00007ff91f7e0000 - 0x00007ff91f847000 	C:\Windows\system32\mswsock.dll
0x00007ff90e400000 - 0x00007ff90e413000 	C:\Program Files\Android\Android Studio\jre\jre\bin\nio.dll
0x00007ff90e6e0000 - 0x00007ff90e707000 	C:\Users\admin\.gradle\native\f6784746aeab05261644944871eae4fe03e0ef1612fff0a4a95f87b438bc6780\windows-amd64\native-platform.dll
0x00007ff919170000 - 0x00007ff91917d000 	C:\Program Files\Android\Android Studio\jre\jre\bin\management.dll
0x00007ff91f350000 - 0x00007ff91f383000 	C:\Windows\system32\rsaenh.dll
0x00007ff920510000 - 0x00007ff920536000 	C:\Windows\System32\bcrypt.dll
0x00007ff91fec0000 - 0x00007ff91fee5000 	C:\Windows\SYSTEM32\USERENV.dll
0x00007ff91fa10000 - 0x00007ff91fa1c000 	C:\Windows\SYSTEM32\CRYPTBASE.dll
0x00007ff91f4f0000 - 0x00007ff91f52a000 	C:\Windows\SYSTEM32\IPHLPAPI.DLL
0x00007ff922470000 - 0x00007ff922478000 	C:\Windows\System32\NSI.dll
0x00007ff915d10000 - 0x00007ff915d26000 	C:\Windows\SYSTEM32\dhcpcsvc6.DLL
0x00007ff915cc0000 - 0x00007ff915cdc000 	C:\Windows\SYSTEM32\dhcpcsvc.DLL
0x00007ff91f530000 - 0x00007ff91f5fa000 	C:\Windows\SYSTEM32\DNSAPI.dll
0x00007ff917750000 - 0x00007ff91775b000 	C:\Windows\SYSTEM32\WINNSI.DLL
0x00007ff89f7c0000 - 0x00007ff89f7de000 	C:\Temp\native-platform48907013134445698dir\native-platform.dll
0x00007ff90af30000 - 0x00007ff90af54000 	C:\Program Files\Android\Android Studio\jre\jre\bin\sunec.dll
0x00007ff915950000 - 0x00007ff91595a000 	C:\Windows\System32\rasadhlp.dll
0x00007ff911e20000 - 0x00007ff911e97000 	C:\Windows\System32\fwpuclnt.dll
0x00007ff90e6d0000 - 0x00007ff90e6db000 	C:\Program Files\Android\Android Studio\jre\jre\bin\sunmscapi.dll
0x00007ff920540000 - 0x00007ff920689000 	C:\Windows\System32\CRYPT32.dll
0x00007ff91ffe0000 - 0x00007ff91fff2000 	C:\Windows\System32\MSASN1.dll

VM Arguments:
jvm_args: -Xmx2048m -Dfile.encoding=UTF-8 -Duser.country=RU -Duser.language=ru -Duser.variant 
java_command: org.gradle.launcher.daemon.bootstrap.GradleDaemon 6.5
java_class_path (initial): C:\Users\admin\.gradle\wrapper\dists\gradle-6.5-bin\6nifqtx7604sqp1q6g8wikw7p\gradle-6.5\lib\gradle-launcher-6.5.jar
Launcher Type: SUN_STANDARD

Environment Variables:
PATH=C:\Program Files (x86)\Java\jdk-13\bin;C:\Windows\system32;C:\Windows;C:\Windows\System32\Wbem;C:\Windows\System32\WindowsPowerShell\v1.0\;C:\Program Files (x86)\NVIDIA Corporation\PhysX\Common;C:\Program Files\NVIDIA Corporation\NVIDIA NvDLISR;C:\Program Files\dotnet\;C:\Program Files\Microsoft SQL Server\130\Tools\Binn\;C:\Program Files\Microsoft SQL Server\Client SDK\ODBC\170\Tools\Binn\;C:\Program Files\Git\cmd;C:\Windows\System32\OpenSSH\;C:\Users\admin\source\repos\BotDS\BotDS\EXE;C:\Program Files (x86)\Microsoft SQL Server\150\DTS\Binn\;C:\Program Files\Microsoft SQL Server\150\DTS\Binn\;C:\Program Files (x86)\Microsoft SQL Server\150\Tools\Binn\;C:\Program Files\Microsoft SQL Server\150\Tools\Binn\;C:\Users\admin\AppData\Local\Microsoft\WindowsApps;C:\Users\admin\AppData\Local\Programs\Microsoft VS Code\bin;C:\Users\admin\AppData\Local\GitHubDesktop\bin
USERNAME=admin
OS=Windows_NT
PROCESSOR_IDENTIFIER=Intel64 Family 6 Model 142 Stepping 10, GenuineIntel



---------------  S Y S T E M  ---------------

OS: Windows 10.0 , 64 bit Build 18362 (10.0.18362.329)

CPU:total 4 (initial active 4) (2 cores per cpu, 2 threads per core) family 6 model 142 stepping 10, cmov, cx8, fxsr, mmx, sse, sse2, sse3, ssse3, sse4.1, sse4.2, popcnt, avx, avx2, aes, clmul, erms, 3dnowpref, lzcnt, ht, tsc, tscinvbit, bmi1, bmi2, adx

Memory: 4k page, physical 12489956k(1725368k free), swap 16684260k(5288k free)

vm_info: OpenJDK 64-Bit Server VM (25.242-b01) for windows-amd64 JRE (1.8.0_242-release-1644-b01), built by "builder" with MS VC++ 10.0 (VS2010)

time: Mon Nov 08 20:56:06 2021
timezone: RTZ 2 (зима)
elapsed time: 150 seconds (0d 0h 2m 30s)

