#
# There is insufficient memory for the Java Runtime Environment to continue.
# Native memory allocation (malloc) failed to allocate 1036016 bytes for Chunk::new
# Possible reasons:
#   The system is out of physical RAM or swap space
#   The process is running with CompressedOops enabled, and the Java Heap may be blocking the growth of the native heap
# Possible solutions:
#   Reduce memory load on the system
#   Increase physical memory or swap space
#   Check if swap backing store is full
#   Decrease Java heap size (-Xmx/-Xms)
#   Decrease number of Java threads
#   Decrease Java thread stack sizes (-Xss)
#   Set larger code cache with -XX:ReservedCodeCacheSize=
#   JVM is running with Unscaled Compressed Oops mode in which the Java heap is
#     placed in the first 4GB address space. The Java Heap base address is the
#     maximum limit for the native heap growth. Please use -XX:HeapBaseMinAddress
#     to set the Java Heap base and to place the Java Heap above 4GB virtual address.
# This output file may be truncated or incomplete.
#
#  Out of Memory Error (allocation.cpp:389), pid=16844, tid=0x00000000000049e0
#
# JRE version: OpenJDK Runtime Environment (8.0_242-b01) (build 1.8.0_242-release-1644-b01)
# Java VM: OpenJDK 64-Bit Server VM (25.242-b01 mixed mode windows-amd64 compressed oops)
# Failed to write core dump. Minidumps are not enabled by default on client versions of Windows
#

---------------  T H R E A D  ---------------

Current thread (0x00000000171ec800):  JavaThread "C2 CompilerThread1" daemon [_thread_in_native, id=18912, stack(0x0000000018940000,0x0000000018a40000)]

Stack: [0x0000000018940000,0x0000000018a40000]
[error occurred during error reporting (printing stack bounds), id 0xc0000005]

Native frames: (J=compiled Java code, j=interpreted, Vv=VM code, C=native code)


Current CompileTask:
C2: 935180 29606       4       com.android.tools.r8.dex.n::e (654 bytes)


---------------  P R O C E S S  ---------------

Java Threads: ( => current thread )
  0x000000002af7f000 JavaThread "ForkJoinPool-5-worker-0" daemon [_thread_blocked, id=6072, stack(0x0000000036e70000,0x0000000036f70000)]
  0x000000002af82000 JavaThread "ForkJoinPool-5-worker-3" daemon [_thread_blocked, id=1300, stack(0x0000000036d70000,0x0000000036e70000)]
  0x000000002af86000 JavaThread "ForkJoinPool-5-worker-2" daemon [_thread_blocked, id=15496, stack(0x0000000036c70000,0x0000000036d70000)]
  0x000000002af81800 JavaThread "ForkJoinPool-5-worker-1" daemon [_thread_blocked, id=19392, stack(0x00000000351a0000,0x00000000352a0000)]
  0x000000002af83000 JavaThread "WorkerExecutor Queue Thread 4" [_thread_blocked, id=16800, stack(0x00000000355a0000,0x00000000356a0000)]
  0x000000002af7a000 JavaThread "WorkerExecutor Queue Thread 3" [_thread_blocked, id=15072, stack(0x00000000354a0000,0x00000000355a0000)]
  0x000000002af80800 JavaThread "WorkerExecutor Queue Thread 2" [_thread_in_Java, id=3940, stack(0x00000000353a0000,0x00000000354a0000)]
  0x000000002af7a800 JavaThread "ForkJoinPool.commonPool-worker-3" daemon [_thread_blocked, id=14520, stack(0x00000000352a0000,0x00000000353a0000)]
  0x000000002af7d000 JavaThread "ForkJoinPool.commonPool-worker-1" daemon [_thread_blocked, id=8132, stack(0x0000000033700000,0x0000000033800000)]
  0x0000000019c8b800 JavaThread "Cache worker for Java compile cache (C:\Users\admin\AndroidStudioProjects\MyApplication2\.gradle\6.5\javaCompile)" [_thread_blocked, id=19164, stack(0x00000000314b0000,0x00000000315b0000)]
  0x000000001a563000 JavaThread "RMI TCP Connection(12)-127.0.0.1" daemon [_thread_in_native, id=14552, stack(0x00000000313b0000,0x00000000314b0000)]
  0x000000001a561800 JavaThread "WorkerExecutor Queue" [_thread_blocked, id=14952, stack(0x00000000312b0000,0x00000000313b0000)]
  0x000000001a55d800 JavaThread "Cache worker for execution history cache (C:\Users\admin\AndroidStudioProjects\MyApplication2\.gradle\6.5\executionHistory)" [_thread_blocked, id=6484, stack(0x00000000310b0000,0x00000000311b0000)]
  0x000000001a556000 JavaThread "Execution worker for ':' Thread 3" [_thread_blocked, id=13140, stack(0x000000002ed70000,0x000000002ee70000)]
  0x000000001a55c000 JavaThread "Execution worker for ':' Thread 2" [_thread_blocked, id=8404, stack(0x000000002e7b0000,0x000000002e8b0000)]
  0x000000001a55b800 JavaThread "Execution worker for ':'" [_thread_blocked, id=17960, stack(0x000000002e070000,0x000000002e170000)]
  0x000000001a554000 JavaThread "Cache worker for file content cache (C:\Users\admin\AndroidStudioProjects\MyApplication2\.gradle\6.5\fileContent)" [_thread_blocked, id=17064, stack(0x0000000029200000,0x0000000029300000)]
  0x000000001a555800 JavaThread "pool-5-thread-1" [_thread_blocked, id=400, stack(0x0000000029a00000,0x0000000029b00000)]
  0x000000001a55a000 JavaThread "Cache worker for Build Output Cleanup Cache (C:\Users\admin\AndroidStudioProjects\MyApplication2\.gradle\buildOutputCleanup)" [_thread_blocked, id=14896, stack(0x0000000029700000,0x0000000029800000)]
  0x000000001ad94000 JavaThread "Build operations Thread 4" [_thread_blocked, id=17136, stack(0x0000000021c80000,0x0000000021d80000)]
  0x000000001ad99800 JavaThread "Build operations Thread 3" [_thread_blocked, id=10732, stack(0x0000000021480000,0x0000000021580000)]
  0x000000001ad98000 JavaThread "Build operations Thread 2" [_thread_blocked, id=15624, stack(0x0000000020c80000,0x0000000020d80000)]
  0x000000001ad8c800 JavaThread "Build operations" [_thread_blocked, id=17208, stack(0x0000000020b80000,0x0000000020c80000)]
  0x000000001ad92800 JavaThread "Cache worker for cache directory md-rule (C:\Users\admin\.gradle\caches\6.5\md-rule)" [_thread_blocked, id=13296, stack(0x000000001f7d0000,0x000000001f8d0000)]
  0x000000001ad8f800 JavaThread "Cache worker for cache directory md-supplier (C:\Users\admin\.gradle\caches\6.5\md-supplier)" [_thread_blocked, id=17492, stack(0x000000001e640000,0x000000001e740000)]
  0x000000001ad8f000 JavaThread "Cache worker for checksums cache (C:\Users\admin\AndroidStudioProjects\MyApplication2\.gradle\checksums)" [_thread_blocked, id=16604, stack(0x000000001cc70000,0x000000001cd70000)]
  0x000000001ad8c000 JavaThread "Cache worker for file hash cache (C:\Users\admin\AndroidStudioProjects\MyApplication2\.gradle\6.5\fileHashes)" [_thread_blocked, id=14416, stack(0x000000001cb70000,0x000000001cc70000)]
  0x000000001ad8e000 JavaThread "Thread-295" [_thread_blocked, id=8464, stack(0x000000001ca70000,0x000000001cb70000)]
  0x000000001ad8b000 JavaThread "Stdin handler" [_thread_blocked, id=11588, stack(0x000000001c970000,0x000000001ca70000)]
  0x000000001ad92000 JavaThread "Asynchronous log dispatcher for DefaultDaemonConnection: socket connection from /127.0.0.1:49154 to /127.0.0.1:50754" [_thread_blocked, id=18688, stack(0x000000001c670000,0x000000001c770000)]
  0x000000001ad8a800 JavaThread "Cancel handler" [_thread_blocked, id=11692, stack(0x000000001bf20000,0x000000001c020000)]
  0x000000001ad91000 JavaThread "Handler for socket connection from /127.0.0.1:49154 to /127.0.0.1:50754" [_thread_in_native, id=19316, stack(0x0000000000a40000,0x0000000000b40000)]
  0x000000001a560000 JavaThread "RMI TCP Connection(idle)" daemon [_thread_blocked, id=17848, stack(0x000000002e470000,0x000000002e570000)]
  0x000000001a55d000 JavaThread "RMI TCP Connection(idle)" daemon [_thread_blocked, id=8700, stack(0x000000002c6a0000,0x000000002c7a0000)]
  0x000000001a557800 JavaThread "jar transforms Thread 230" [_thread_blocked, id=18928, stack(0x0000000029100000,0x0000000029200000)]
  0x000000001a557000 JavaThread "jar transforms Thread 229" [_thread_blocked, id=14600, stack(0x0000000029000000,0x0000000029100000)]
  0x000000001a554800 JavaThread "jar transforms Thread 228" [_thread_blocked, id=19212, stack(0x0000000028f00000,0x0000000029000000)]
  0x000000001a559000 JavaThread "jar transforms Thread 227" [_thread_blocked, id=7644, stack(0x0000000028e00000,0x0000000028f00000)]
  0x000000002050f800 JavaThread "jar transforms Thread 226" [_thread_blocked, id=17416, stack(0x0000000028d00000,0x0000000028e00000)]
  0x000000002050e800 JavaThread "jar transforms Thread 225" [_thread_blocked, id=17748, stack(0x0000000028c00000,0x0000000028d00000)]
  0x000000002050e000 JavaThread "jar transforms Thread 224" [_thread_blocked, id=17268, stack(0x0000000028b00000,0x0000000028c00000)]
  0x0000000020510000 JavaThread "jar transforms Thread 223" [_thread_blocked, id=14844, stack(0x0000000028a00000,0x0000000028b00000)]
  0x0000000020511000 JavaThread "jar transforms Thread 222" [_thread_blocked, id=13464, stack(0x0000000028900000,0x0000000028a00000)]
  0x0000000020506800 JavaThread "jar transforms Thread 221" [_thread_blocked, id=19124, stack(0x0000000028800000,0x0000000028900000)]
  0x000000002050d000 JavaThread "jar transforms Thread 220" [_thread_blocked, id=7860, stack(0x0000000028700000,0x0000000028800000)]
  0x0000000020505800 JavaThread "jar transforms Thread 219" [_thread_blocked, id=18572, stack(0x0000000028600000,0x0000000028700000)]
  0x000000002050c800 JavaThread "jar transforms Thread 218" [_thread_blocked, id=17024, stack(0x0000000028500000,0x0000000028600000)]
  0x000000002050b800 JavaThread "jar transforms Thread 217" [_thread_blocked, id=11460, stack(0x0000000028400000,0x0000000028500000)]
  0x000000002050b000 JavaThread "jar transforms Thread 216" [_thread_blocked, id=16916, stack(0x0000000028300000,0x0000000028400000)]
  0x000000002050a000 JavaThread "jar transforms Thread 215" [_thread_blocked, id=17088, stack(0x0000000028200000,0x0000000028300000)]
  0x0000000020502800 JavaThread "jar transforms Thread 214" [_thread_blocked, id=17388, stack(0x0000000028100000,0x0000000028200000)]
  0x0000000020509800 JavaThread "jar transforms Thread 213" [_thread_blocked, id=16032, stack(0x0000000028000000,0x0000000028100000)]
  0x0000000020505000 JavaThread "jar transforms Thread 212" [_thread_blocked, id=2284, stack(0x0000000027f00000,0x0000000028000000)]
  0x0000000020508800 JavaThread "jar transforms Thread 211" [_thread_blocked, id=15392, stack(0x0000000027e00000,0x0000000027f00000)]
  0x0000000020504000 JavaThread "jar transforms Thread 210" [_thread_blocked, id=7920, stack(0x0000000027d00000,0x0000000027e00000)]
  0x0000000020503000 JavaThread "jar transforms Thread 209" [_thread_blocked, id=2944, stack(0x0000000027c00000,0x0000000027d00000)]
  0x0000000020501800 JavaThread "jar transforms Thread 208" [_thread_blocked, id=2952, stack(0x0000000027b00000,0x0000000027c00000)]
  0x0000000020507000 JavaThread "jar transforms Thread 207" [_thread_blocked, id=8, stack(0x0000000027a00000,0x0000000027b00000)]
  0x0000000020508000 JavaThread "jar transforms Thread 206" [_thread_blocked, id=17592, stack(0x0000000027900000,0x0000000027a00000)]
  0x000000001a0be800 JavaThread "jar transforms Thread 205" [_thread_blocked, id=10152, stack(0x0000000027800000,0x0000000027900000)]
  0x000000001a0bf000 JavaThread "jar transforms Thread 204" [_thread_blocked, id=17084, stack(0x0000000027700000,0x0000000027800000)]
  0x000000001a0c3800 JavaThread "jar transforms Thread 203" [_thread_blocked, id=14856, stack(0x0000000027600000,0x0000000027700000)]
  0x000000001a0c2000 JavaThread "jar transforms Thread 202" [_thread_blocked, id=18712, stack(0x0000000027500000,0x0000000027600000)]
  0x000000001a0c5000 JavaThread "jar transforms Thread 201" [_thread_blocked, id=15908, stack(0x0000000027400000,0x0000000027500000)]
  0x000000001a0c1800 JavaThread "jar transforms Thread 200" [_thread_blocked, id=12368, stack(0x0000000027300000,0x0000000027400000)]
  0x000000001a0c4800 JavaThread "jar transforms Thread 199" [_thread_blocked, id=14588, stack(0x0000000027200000,0x0000000027300000)]
  0x000000001a0c3000 JavaThread "jar transforms Thread 198" [_thread_blocked, id=17016, stack(0x0000000027100000,0x0000000027200000)]
  0x000000001a0c0800 JavaThread "jar transforms Thread 197" [_thread_blocked, id=11504, stack(0x0000000027000000,0x0000000027100000)]
  0x000000001a0c0000 JavaThread "jar transforms Thread 196" [_thread_blocked, id=16368, stack(0x0000000026f00000,0x0000000027000000)]
  0x000000001a0b7000 JavaThread "jar transforms Thread 195" [_thread_blocked, id=6320, stack(0x0000000026e00000,0x0000000026f00000)]
  0x000000001a0bc000 JavaThread "jar transforms Thread 194" [_thread_blocked, id=17312, stack(0x0000000026d00000,0x0000000026e00000)]
  0x000000001a0bd000 JavaThread "jar transforms Thread 193" [_thread_blocked, id=15988, stack(0x0000000026c00000,0x0000000026d00000)]
  0x000000001a0ba800 JavaThread "jar transforms Thread 192" [_thread_blocked, id=8424, stack(0x0000000026b00000,0x0000000026c00000)]
  0x000000001a0bd800 JavaThread "jar transforms Thread 191" [_thread_blocked, id=12364, stack(0x0000000026a00000,0x0000000026b00000)]
  0x000000001a0b7800 JavaThread "jar transforms Thread 190" [_thread_blocked, id=15460, stack(0x0000000026900000,0x0000000026a00000)]
  0x000000001a0b6000 JavaThread "jar transforms Thread 189" [_thread_blocked, id=6000, stack(0x0000000026800000,0x0000000026900000)]
  0x000000001a0b8800 JavaThread "jar transforms Thread 188" [_thread_blocked, id=7944, stack(0x0000000026700000,0x0000000026800000)]
  0x000000001a0ba000 JavaThread "jar transforms Thread 187" [_thread_blocked, id=18664, stack(0x0000000026600000,0x0000000026700000)]
  0x000000001a0bb800 JavaThread "jar transforms Thread 186" [_thread_blocked, id=19152, stack(0x0000000026500000,0x0000000026600000)]
  0x000000001a0b9000 JavaThread "jar transforms Thread 185" [_thread_blocked, id=15716, stack(0x0000000026400000,0x0000000026500000)]
  0x000000001dada800 JavaThread "jar transforms Thread 184" [_thread_blocked, id=6440, stack(0x0000000026300000,0x0000000026400000)]
  0x000000001dad9800 JavaThread "jar transforms Thread 183" [_thread_blocked, id=18744, stack(0x0000000026200000,0x0000000026300000)]
  0x000000001dad7800 JavaThread "jar transforms Thread 182" [_thread_blocked, id=8164, stack(0x0000000026100000,0x0000000026200000)]
  0x000000001dad8000 JavaThread "jar transforms Thread 181" [_thread_blocked, id=17784, stack(0x0000000026000000,0x0000000026100000)]
  0x000000001dad9000 JavaThread "jar transforms Thread 180" [_thread_blocked, id=11268, stack(0x0000000025f00000,0x0000000026000000)]
  0x000000001dad6800 JavaThread "jar transforms Thread 179" [_thread_blocked, id=12912, stack(0x0000000025e00000,0x0000000025f00000)]
  0x000000001dad6000 JavaThread "jar transforms Thread 178" [_thread_blocked, id=940, stack(0x0000000025d00000,0x0000000025e00000)]
  0x000000001dacf000 JavaThread "jar transforms Thread 177" [_thread_blocked, id=17076, stack(0x0000000025c00000,0x0000000025d00000)]
  0x000000001dad0000 JavaThread "jar transforms Thread 176" [_thread_blocked, id=16244, stack(0x0000000025b00000,0x0000000025c00000)]
  0x000000001dace800 JavaThread "jar transforms Thread 175" [_thread_blocked, id=16512, stack(0x0000000025a00000,0x0000000025b00000)]
  0x000000001dad5000 JavaThread "jar transforms Thread 174" [_thread_blocked, id=16508, stack(0x0000000025900000,0x0000000025a00000)]
  0x000000001dad0800 JavaThread "jar transforms Thread 173" [_thread_blocked, id=5692, stack(0x0000000025800000,0x0000000025900000)]
  0x000000001dad4800 JavaThread "jar transforms Thread 172" [_thread_blocked, id=13160, stack(0x0000000025700000,0x0000000025800000)]
  0x000000001dad3800 JavaThread "jar transforms Thread 171" [_thread_blocked, id=14912, stack(0x0000000025600000,0x0000000025700000)]
  0x000000001dad3000 JavaThread "jar transforms Thread 170" [_thread_blocked, id=17568, stack(0x0000000025500000,0x0000000025600000)]
  0x000000001dacb800 JavaThread "jar transforms Thread 169" [_thread_blocked, id=5184, stack(0x0000000025400000,0x0000000025500000)]
  0x000000001dad2000 JavaThread "jar transforms Thread 168" [_thread_blocked, id=19056, stack(0x0000000025300000,0x0000000025400000)]
  0x000000001dacd800 JavaThread "jar transforms Thread 167" [_thread_blocked, id=17356, stack(0x0000000025200000,0x0000000025300000)]
  0x000000001dad1800 JavaThread "jar transforms Thread 166" [_thread_blocked, id=13720, stack(0x0000000025100000,0x0000000025200000)]
  0x000000001dacc000 JavaThread "jar transforms Thread 165" [_thread_blocked, id=15844, stack(0x0000000025000000,0x0000000025100000)]
  0x000000001dacd000 JavaThread "jar transforms Thread 164" [_thread_blocked, id=11584, stack(0x0000000024f00000,0x0000000025000000)]
  0x000000001a498800 JavaThread "jar transforms Thread 163" [_thread_blocked, id=6644, stack(0x0000000024e00000,0x0000000024f00000)]
  0x000000001a49d000 JavaThread "jar transforms Thread 162" [_thread_blocked, id=18260, stack(0x0000000024d00000,0x0000000024e00000)]
  0x000000001a498000 JavaThread "jar transforms Thread 161" [_thread_blocked, id=15196, stack(0x0000000024c00000,0x0000000024d00000)]
  0x000000001a49b000 JavaThread "jar transforms Thread 160" [_thread_blocked, id=16740, stack(0x0000000024b00000,0x0000000024c00000)]
  0x000000001a49c800 JavaThread "jar transforms Thread 159" [_thread_blocked, id=8104, stack(0x0000000024a00000,0x0000000024b00000)]
  0x000000001a499800 JavaThread "jar transforms Thread 158" [_thread_blocked, id=18892, stack(0x0000000024900000,0x0000000024a00000)]
  0x000000001a49e800 JavaThread "jar transforms Thread 157" [_thread_blocked, id=18608, stack(0x0000000024800000,0x0000000024900000)]
  0x000000001a49b800 JavaThread "jar transforms Thread 156" [_thread_blocked, id=12476, stack(0x0000000024700000,0x0000000024800000)]
  0x000000001a49a000 JavaThread "jar transforms Thread 155" [_thread_blocked, id=18804, stack(0x0000000024600000,0x0000000024700000)]
  0x000000001a49e000 JavaThread "jar transforms Thread 154" [_thread_blocked, id=18972, stack(0x0000000024500000,0x0000000024600000)]
  0x0000000019c86000 JavaThread "jar transforms Thread 153" [_thread_blocked, id=14376, stack(0x0000000024400000,0x0000000024500000)]
  0x0000000019c8c000 JavaThread "jar transforms Thread 152" [_thread_blocked, id=16676, stack(0x0000000024300000,0x0000000024400000)]
  0x0000000019c8a800 JavaThread "jar transforms Thread 151" [_thread_blocked, id=18292, stack(0x0000000024200000,0x0000000024300000)]
  0x0000000019c8a000 JavaThread "jar transforms Thread 150" [_thread_blocked, id=7796, stack(0x0000000024100000,0x0000000024200000)]
  0x0000000018e50000 JavaThread "jar transforms Thread 149" [_thread_blocked, id=10624, stack(0x0000000024000000,0x0000000024100000)]
  0x0000000018e4d000 JavaThread "jar transforms Thread 148" [_thread_blocked, id=11640, stack(0x0000000023f00000,0x0000000024000000)]
  0x0000000018e4e800 JavaThread "jar transforms Thread 147" [_thread_blocked, id=17684, stack(0x0000000023e00000,0x0000000023f00000)]
  0x0000000018e53000 JavaThread "jar transforms Thread 146" [_thread_blocked, id=5616, stack(0x0000000023d00000,0x0000000023e00000)]
  0x0000000018e4f800 JavaThread "jar transforms Thread 145" [_thread_blocked, id=18992, stack(0x0000000023c00000,0x0000000023d00000)]
  0x000000001b27d000 JavaThread "jar transforms Thread 144" [_thread_blocked, id=9300, stack(0x0000000023b00000,0x0000000023c00000)]
  0x000000001b27c800 JavaThread "jar transforms Thread 143" [_thread_blocked, id=14372, stack(0x0000000023a00000,0x0000000023b00000)]
  0x000000001b27f800 JavaThread "jar transforms Thread 142" [_thread_blocked, id=14284, stack(0x0000000023900000,0x0000000023a00000)]
  0x000000001b274000 JavaThread "jar transforms Thread 141" [_thread_blocked, id=16576, stack(0x0000000023800000,0x0000000023900000)]
  0x000000001b27a000 JavaThread "jar transforms Thread 140" [_thread_blocked, id=16720, stack(0x0000000023700000,0x0000000023800000)]
  0x000000001b272800 JavaThread "jar transforms Thread 139" [_thread_blocked, id=10916, stack(0x0000000023600000,0x0000000023700000)]
  0x000000001b272000 JavaThread "jar transforms Thread 138" [_thread_blocked, id=16980, stack(0x0000000023500000,0x0000000023600000)]
  0x000000001b277000 JavaThread "jar transforms Thread 137" [_thread_blocked, id=18756, stack(0x0000000023400000,0x0000000023500000)]
  0x000000001b276800 JavaThread "jar transforms Thread 136" [_thread_blocked, id=8008, stack(0x0000000023300000,0x0000000023400000)]
  0x000000001eb9e800 JavaThread "jar transforms Thread 135" [_thread_blocked, id=5464, stack(0x0000000023200000,0x0000000023300000)]
  0x000000001eb9e000 JavaThread "jar transforms Thread 134" [_thread_blocked, id=17616, stack(0x0000000023100000,0x0000000023200000)]
  0x000000001eb9c800 JavaThread "jar transforms Thread 133" [_thread_blocked, id=10164, stack(0x0000000023000000,0x0000000023100000)]
  0x000000001eb9b800 JavaThread "jar transforms Thread 132" [_thread_blocked, id=12348, stack(0x0000000022d80000,0x0000000022e80000)]
  0x000000001eb9f800 JavaThread "jar transforms Thread 131" [_thread_blocked, id=6784, stack(0x0000000022c80000,0x0000000022d80000)]
  0x000000001eba1000 JavaThread "jar transforms Thread 130" [_thread_blocked, id=17576, stack(0x0000000022b80000,0x0000000022c80000)]
  0x000000001eba0000 JavaThread "jar transforms Thread 129" [_thread_blocked, id=16128, stack(0x0000000022a80000,0x0000000022b80000)]
  0x000000001eb9d000 JavaThread "jar transforms Thread 128" [_thread_blocked, id=15584, stack(0x0000000022980000,0x0000000022a80000)]
  0x000000001eb9b000 JavaThread "jar transforms Thread 127" [_thread_blocked, id=8740, stack(0x0000000022880000,0x0000000022980000)]
  0x000000001eb93800 JavaThread "jar transforms Thread 126" [_thread_blocked, id=16432, stack(0x0000000022780000,0x0000000022880000)]
  0x000000001eb99800 JavaThread "jar transforms Thread 125" [_thread_blocked, id=15484, stack(0x0000000022680000,0x0000000022780000)]
  0x000000001eb9a000 JavaThread "jar transforms Thread 124" [_thread_blocked, id=11260, stack(0x0000000022580000,0x0000000022680000)]
  0x000000001eb92000 JavaThread "jar transforms Thread 123" [_thread_blocked, id=17900, stack(0x0000000022480000,0x0000000022580000)]
  0x000000001eb95000 JavaThread "jar transforms Thread 122" [_thread_blocked, id=12064, stack(0x0000000022380000,0x0000000022480000)]
  0x000000001eb98800 JavaThread "jar transforms Thread 121" [_thread_blocked, id=8540, stack(0x0000000022280000,0x0000000022380000)]
  0x000000001eb96800 JavaThread "jar transforms Thread 120" [_thread_blocked, id=16456, stack(0x0000000022180000,0x0000000022280000)]
  0x000000001ad95800 JavaThread "jar transforms Thread 119" [_thread_blocked, id=17952, stack(0x0000000022080000,0x0000000022180000)]
  0x000000001ad95000 JavaThread "jar transforms Thread 118" [_thread_blocked, id=15976, stack(0x0000000021f80000,0x0000000022080000)]
  0x000000001ad97000 JavaThread "jar transforms Thread 117" [_thread_blocked, id=8512, stack(0x0000000021e80000,0x0000000021f80000)]
  0x000000001ad96800 JavaThread "jar transforms Thread 116" [_thread_blocked, id=16684, stack(0x0000000021d80000,0x0000000021e80000)]
  0x000000001ad8d800 JavaThread "Daemon worker Thread 2" [_thread_blocked, id=13260, stack(0x000000001c020000,0x000000001c120000)]
  0x000000001ad90800 JavaThread "Daemon Thread 2" [_thread_blocked, id=14572, stack(0x0000000000940000,0x0000000000a40000)]
  0x000000001b278800 JavaThread "Cache worker for Java compile cache (C:\Users\admin\.gradle\caches\6.5\javaCompile)" [_thread_blocked, id=6316, stack(0x0000000000840000,0x0000000000940000)]
  0x000000001b279800 JavaThread "RMI Reaper" [_thread_blocked, id=12076, stack(0x000000002e370000,0x000000002e470000)]
  0x000000001b27b000 JavaThread "RMI TCP Accept-0" daemon [_thread_in_native, id=14256, stack(0x000000002e270000,0x000000002e370000)]
  0x000000001b27e800 JavaThread "GC Daemon" daemon [_thread_blocked, id=15112, stack(0x000000002e170000,0x000000002e270000)]
  0x000000001b27e000 JavaThread "RMI Scheduler(0)" daemon [_thread_blocked, id=18036, stack(0x000000002dd70000,0x000000002de70000)]
  0x000000001b275800 JavaThread "Memory manager" [_thread_blocked, id=14688, stack(0x0000000029b60000,0x0000000029c60000)]
  0x0000000018e4e000 JavaThread "Cache worker for file content cache (C:\Users\admin\.gradle\caches\6.5\fileContent)" [_thread_blocked, id=8948, stack(0x0000000021580000,0x0000000021680000)]
  0x0000000018e51800 JavaThread "Cache worker for execution history cache (C:\Users\admin\.gradle\caches\6.5\executionHistory)" [_thread_blocked, id=19432, stack(0x0000000020d80000,0x0000000020e80000)]
  0x0000000018e51000 JavaThread "Cache worker for file hash cache (C:\Users\admin\.gradle\caches\6.5\fileHashes)" [_thread_blocked, id=14872, stack(0x000000001d170000,0x000000001d270000)]
  0x0000000018e52800 JavaThread "File lock request listener" [_thread_in_native, id=4864, stack(0x000000001d070000,0x000000001d170000)]
  0x0000000018e54000 JavaThread "Cache worker for journal cache (C:\Users\admin\.gradle\caches\journal-1)" [_thread_blocked, id=9060, stack(0x000000001cf70000,0x000000001d070000)]
  0x00000000196d6000 JavaThread "Daemon periodic checks" [_thread_blocked, id=17880, stack(0x000000001c570000,0x000000001c670000)]
  0x0000000019a5c000 JavaThread "Incoming local TCP Connector on port 49154" [_thread_in_native, id=18964, stack(0x000000001c120000,0x000000001c220000)]
  0x000000001aa2c000 JavaThread "Daemon health stats" [_thread_blocked, id=8884, stack(0x000000001bae0000,0x000000001bbe0000)]
  0x0000000018b61800 JavaThread "Service Thread" daemon [_thread_blocked, id=16644, stack(0x0000000018f40000,0x0000000019040000)]
  0x00000000171f4000 JavaThread "C1 CompilerThread2" daemon [_thread_blocked, id=16412, stack(0x0000000018a40000,0x0000000018b40000)]
=>0x00000000171ec800 JavaThread "C2 CompilerThread1" daemon [_thread_in_native, id=18912, stack(0x0000000018940000,0x0000000018a40000)]
  0x00000000171ea000 JavaThread "C2 CompilerThread0" daemon [_thread_in_native, id=11208, stack(0x0000000018840000,0x0000000018940000)]
  0x00000000171e8000 JavaThread "Attach Listener" daemon [_thread_blocked, id=16556, stack(0x0000000018740000,0x0000000018840000)]
  0x00000000171e7000 JavaThread "Signal Dispatcher" daemon [_thread_blocked, id=18476, stack(0x0000000018640000,0x0000000018740000)]
  0x00000000025bd000 JavaThread "Finalizer" daemon [_thread_blocked, id=5424, stack(0x0000000018440000,0x0000000018540000)]
  0x00000000171c9000 JavaThread "Reference Handler" daemon [_thread_blocked, id=10688, stack(0x0000000018340000,0x0000000018440000)]
  0x000000000238e000 JavaThread "main" [_thread_blocked, id=18644, stack(0x00000000023c0000,0x00000000024c0000)]

Other Threads:
  0x00000000171a6800 VMThread [stack: 0x0000000018240000,0x0000000018340000] [id=3716]
  0x0000000018b63800 WatcherThread [stack: 0x0000000019040000,0x0000000019140000] [id=7836]

VM state:not at safepoint (normal execution)

VM Mutex/Monitor currently owned by a thread: None

heap address: 0x0000000080000000, size: 2048 MB, Compressed Oops mode: 32-bit
Narrow klass base: 0x0000000000000000, Narrow klass shift: 3
Compressed class space size: 1073741824 Address: 0x0000000100000000

Heap:
 PSYoungGen      total 477184K, used 161904K [0x00000000d5580000, 0x00000000f8280000, 0x0000000100000000)
  eden space 400384K, 27% used [0x00000000d5580000,0x00000000dbf912b8,0x00000000edc80000)
  from space 76800K, 69% used [0x00000000f2b80000,0x00000000f5f8ae50,0x00000000f7680000)
  to   space 80896K, 0% used [0x00000000edc80000,0x00000000edc80000,0x00000000f2b80000)
 ParOldGen       total 229888K, used 145861K [0x0000000080000000, 0x000000008e080000, 0x00000000d5580000)
  object space 229888K, 63% used [0x0000000080000000,0x0000000088e714d8,0x000000008e080000)
 Metaspace       used 166785K, capacity 173541K, committed 173808K, reserved 1200128K
  class space    used 20893K, capacity 22148K, committed 22264K, reserved 1048576K

Card table byte_map: [0x0000000011980000,0x0000000011d90000] byte_map_base: 0x0000000011580000

Marking Bits: (ParMarkBitMap*) 0x000000007313f030
 Begin Bits: [0x0000000012440000, 0x0000000014440000)
 End Bits:   [0x0000000014440000, 0x0000000016440000)

Polling page: 0x0000000000660000

CodeCache: size=245760Kb used=83276Kb max_used=83554Kb free=162483Kb
 bounds [0x00000000025c0000, 0x00000000077e0000, 0x00000000115c0000]
 total_blobs=25637 nmethods=24596 adapters=949
 compilation: enabled

Compilation events (10 events):
Event: 935.128 Thread 0x00000000171f4000 29692       2       com.android.tools.r8.code.f2::a (1 bytes)
Event: 935.128 Thread 0x00000000171f4000 nmethod 29692 0x00000000065a9a90 code [0x00000000065a9be0, 0x00000000065a9d30]
Event: 935.133 Thread 0x00000000171f4000 29693       1       com.android.tools.r8.code.d2::a (1 bytes)
Event: 935.133 Thread 0x00000000171f4000 nmethod 29693 0x00000000065a97d0 code [0x00000000065a9920, 0x00000000065a9a30]
Event: 935.173 Thread 0x00000000171f4000 29694       2       com.android.tools.r8.code.K3::a (1 bytes)
Event: 935.174 Thread 0x00000000171f4000 nmethod 29694 0x00000000065a9490 code [0x00000000065a95e0, 0x00000000065a9730]
Event: 935.174 Thread 0x00000000171f4000 29695       2       com.android.tools.r8.code.o::a (1 bytes)
Event: 935.174 Thread 0x00000000171f4000 nmethod 29695 0x00000000065a9150 code [0x00000000065a92a0, 0x00000000065a93f0]
Event: 935.175 Thread 0x00000000171f4000 29696       1       com.android.tools.r8.code.N0::a (1 bytes)
Event: 935.175 Thread 0x00000000171f4000 nmethod 29696 0x00000000065a8e90 code [0x00000000065a8fe0, 0x00000000065a90f0]

GC Heap History (10 events):
Event: 886.630 GC heap before
{Heap before GC invocations=21 (full 4):
 PSYoungGen      total 387072K, used 376930K [0x00000000d5580000, 0x00000000eef00000, 0x0000000100000000)
  eden space 358400K, 100% used [0x00000000d5580000,0x00000000eb380000,0x00000000eb380000)
  from space 28672K, 64% used [0x00000000ed000000,0x00000000ee218ac8,0x00000000eec00000)
  to   space 29184K, 0% used [0x00000000eb380000,0x00000000eb380000,0x00000000ed000000)
 ParOldGen       total 229888K, used 63112K [0x0000000080000000, 0x000000008e080000, 0x00000000d5580000)
  object space 229888K, 27% used [0x0000000080000000,0x0000000083da2290,0x000000008e080000)
 Metaspace       used 104888K, capacity 109850K, committed 110104K, reserved 1144832K
  class space    used 13331K, capacity 14265K, committed 14368K, reserved 1048576K
Event: 886.741 GC heap after
Heap after GC invocations=21 (full 4):
 PSYoungGen      total 387584K, used 29152K [0x00000000d5580000, 0x00000000f1d80000, 0x0000000100000000)
  eden space 358400K, 0% used [0x00000000d5580000,0x00000000d5580000,0x00000000eb380000)
  from space 29184K, 99% used [0x00000000eb380000,0x00000000ecff8140,0x00000000ed000000)
  to   space 38400K, 0% used [0x00000000ef800000,0x00000000ef800000,0x00000000f1d80000)
 ParOldGen       total 229888K, used 77323K [0x0000000080000000, 0x000000008e080000, 0x00000000d5580000)
  object space 229888K, 33% used [0x0000000080000000,0x0000000084b82f80,0x000000008e080000)
 Metaspace       used 104888K, capacity 109850K, committed 110104K, reserved 1144832K
  class space    used 13331K, capacity 14265K, committed 14368K, reserved 1048576K
}
Event: 906.386 GC heap before
{Heap before GC invocations=22 (full 4):
 PSYoungGen      total 387584K, used 387552K [0x00000000d5580000, 0x00000000f1d80000, 0x0000000100000000)
  eden space 358400K, 100% used [0x00000000d5580000,0x00000000eb380000,0x00000000eb380000)
  from space 29184K, 99% used [0x00000000eb380000,0x00000000ecff8140,0x00000000ed000000)
  to   space 38400K, 0% used [0x00000000ef800000,0x00000000ef800000,0x00000000f1d80000)
 ParOldGen       total 229888K, used 77323K [0x0000000080000000, 0x000000008e080000, 0x00000000d5580000)
  object space 229888K, 33% used [0x0000000080000000,0x0000000084b82f80,0x000000008e080000)
 Metaspace       used 130084K, capacity 136268K, committed 136600K, reserved 1167360K
  class space    used 16528K, capacity 17702K, committed 17824K, reserved 1048576K
Event: 906.476 GC heap after
Heap after GC invocations=22 (full 4):
 PSYoungGen      total 412672K, used 38388K [0x00000000d5580000, 0x00000000f3980000, 0x0000000100000000)
  eden space 374272K, 0% used [0x00000000d5580000,0x00000000d5580000,0x00000000ec300000)
  from space 38400K, 99% used [0x00000000ef800000,0x00000000f1d7d0c8,0x00000000f1d80000)
  to   space 54272K, 0% used [0x00000000ec300000,0x00000000ec300000,0x00000000ef800000)
 ParOldGen       total 229888K, used 103542K [0x0000000080000000, 0x000000008e080000, 0x00000000d5580000)
  object space 229888K, 45% used [0x0000000080000000,0x000000008651d930,0x000000008e080000)
 Metaspace       used 130084K, capacity 136268K, committed 136600K, reserved 1167360K
  class space    used 16528K, capacity 17702K, committed 17824K, reserved 1048576K
}
Event: 924.103 GC heap before
{Heap before GC invocations=23 (full 4):
 PSYoungGen      total 412672K, used 344063K [0x00000000d5580000, 0x00000000f3980000, 0x0000000100000000)
  eden space 374272K, 81% used [0x00000000d5580000,0x00000000e8002f30,0x00000000ec300000)
  from space 38400K, 99% used [0x00000000ef800000,0x00000000f1d7d0c8,0x00000000f1d80000)
  to   space 54272K, 0% used [0x00000000ec300000,0x00000000ec300000,0x00000000ef800000)
 ParOldGen       total 229888K, used 103542K [0x0000000080000000, 0x000000008e080000, 0x00000000d5580000)
  object space 229888K, 45% used [0x0000000080000000,0x000000008651d930,0x000000008e080000)
 Metaspace       used 157400K, capacity 164207K, committed 164336K, reserved 1191936K
  class space    used 19620K, capacity 20951K, committed 20984K, reserved 1048576K
Event: 924.242 GC heap after
Heap after GC invocations=23 (full 4):
 PSYoungGen      total 428544K, used 54254K [0x00000000d5580000, 0x00000000f7680000, 0x0000000100000000)
  eden space 374272K, 0% used [0x00000000d5580000,0x00000000d5580000,0x00000000ec300000)
  from space 54272K, 99% used [0x00000000ec300000,0x00000000ef7fb880,0x00000000ef800000)
  to   space 76800K, 0% used [0x00000000f2b80000,0x00000000f2b80000,0x00000000f7680000)
 ParOldGen       total 229888K, used 140650K [0x0000000080000000, 0x000000008e080000, 0x00000000d5580000)
  object space 229888K, 61% used [0x0000000080000000,0x000000008895aaa8,0x000000008e080000)
 Metaspace       used 157400K, capacity 164207K, committed 164336K, reserved 1191936K
  class space    used 19620K, capacity 20951K, committed 20984K, reserved 1048576K
}
Event: 924.242 GC heap before
{Heap before GC invocations=24 (full 5):
 PSYoungGen      total 428544K, used 54254K [0x00000000d5580000, 0x00000000f7680000, 0x0000000100000000)
  eden space 374272K, 0% used [0x00000000d5580000,0x00000000d5580000,0x00000000ec300000)
  from space 54272K, 99% used [0x00000000ec300000,0x00000000ef7fb880,0x00000000ef800000)
  to   space 76800K, 0% used [0x00000000f2b80000,0x00000000f2b80000,0x00000000f7680000)
 ParOldGen       total 229888K, used 140650K [0x0000000080000000, 0x000000008e080000, 0x00000000d5580000)
  object space 229888K, 61% used [0x0000000080000000,0x000000008895aaa8,0x000000008e080000)
 Metaspace       used 157400K, capacity 164207K, committed 164336K, reserved 1191936K
  class space    used 19620K, capacity 20951K, committed 20984K, reserved 1048576K
Event: 925.163 GC heap after
Heap after GC invocations=24 (full 5):
 PSYoungGen      total 428544K, used 0K [0x00000000d5580000, 0x00000000f7680000, 0x0000000100000000)
  eden space 374272K, 0% used [0x00000000d5580000,0x00000000d5580000,0x00000000ec300000)
  from space 54272K, 0% used [0x00000000ec300000,0x00000000ec300000,0x00000000ef800000)
  to   space 76800K, 0% used [0x00000000f2b80000,0x00000000f2b80000,0x00000000f7680000)
 ParOldGen       total 229888K, used 145853K [0x0000000080000000, 0x000000008e080000, 0x00000000d5580000)
  object space 229888K, 63% used [0x0000000080000000,0x0000000088e6f4d8,0x000000008e080000)
 Metaspace       used 156188K, capacity 162815K, committed 164336K, reserved 1191936K
  class space    used 19597K, capacity 20871K, committed 20984K, reserved 1048576K
}
Event: 933.711 GC heap before
{Heap before GC invocations=25 (full 5):
 PSYoungGen      total 428544K, used 374272K [0x00000000d5580000, 0x00000000f7680000, 0x0000000100000000)
  eden space 374272K, 100% used [0x00000000d5580000,0x00000000ec300000,0x00000000ec300000)
  from space 54272K, 0% used [0x00000000ec300000,0x00000000ec300000,0x00000000ef800000)
  to   space 76800K, 0% used [0x00000000f2b80000,0x00000000f2b80000,0x00000000f7680000)
 ParOldGen       total 229888K, used 145853K [0x0000000080000000, 0x000000008e080000, 0x00000000d5580000)
  object space 229888K, 63% used [0x0000000080000000,0x0000000088e6f4d8,0x000000008e080000)
 Metaspace       used 166573K, capacity 173291K, committed 173552K, reserved 1200128K
  class space    used 20875K, capacity 22139K, committed 22264K, reserved 1048576K
Event: 933.790 GC heap after
Heap after GC invocations=25 (full 5):
 PSYoungGen      total 477184K, used 53291K [0x00000000d5580000, 0x00000000f8280000, 0x0000000100000000)
  eden space 400384K, 0% used [0x00000000d5580000,0x00000000d5580000,0x00000000edc80000)
  from space 76800K, 69% used [0x00000000f2b80000,0x00000000f5f8ae50,0x00000000f7680000)
  to   space 80896K, 0% used [0x00000000edc80000,0x00000000edc80000,0x00000000f2b80000)
 ParOldGen       total 229888K, used 145861K [0x0000000080000000, 0x000000008e080000, 0x00000000d5580000)
  object space 229888K, 63% used [0x0000000080000000,0x0000000088e714d8,0x000000008e080000)
 Metaspace       used 166573K, capacity 173291K, committed 173552K, reserved 1200128K
  class space    used 20875K, capacity 22139K, committed 22264K, reserved 1048576K
}

Deoptimization events (10 events):
Event: 931.309 Thread 0x000000001a561800 Uncommon trap: reason=class_check action=maybe_recompile pc=0x00000000076de93c method=com.android.tools.r8.s.a.h.e.b(Lcom/android/tools/r8/s/b/k0;)V @ 142
Event: 933.396 Thread 0x000000001ad8d800 Uncommon trap: reason=unstable_if action=reinterpret pc=0x0000000006197ca4 method=org.gradle.internal.snapshot.PathUtil.equalChars(CCLorg/gradle/internal/snapshot/CaseSensitivity;)Z @ 40
Event: 933.440 Thread 0x000000001ad8d800 Uncommon trap: reason=unstable_if action=reinterpret pc=0x00000000029ccf84 method=java.lang.AbstractStringBuilder.append(I)Ljava/lang/AbstractStringBuilder; @ 16
Event: 933.563 Thread 0x000000002af80800 Uncommon trap: reason=unstable_if action=reinterpret pc=0x0000000005d59270 method=java.nio.Bits.copyToArray(JLjava/lang/Object;JJJ)V @ 19
Event: 933.955 Thread 0x000000002af82000 Uncommon trap: reason=class_check action=maybe_recompile pc=0x0000000006a0cfb8 method=com.android.tools.r8.graph.Y0.a(Ljava/util/function/Predicate;Ljava/util/function/Consumer;Lcom/android/tools/r8/graph/W;)Lcom/android/tools/r8/utils/q1; @ 12
Event: 933.959 Thread 0x000000002af82000 Uncommon trap: reason=class_check action=maybe_recompile pc=0x0000000006a0cfb8 method=com.android.tools.r8.graph.Y0.a(Ljava/util/function/Predicate;Ljava/util/function/Consumer;Lcom/android/tools/r8/graph/W;)Lcom/android/tools/r8/utils/q1; @ 12
Event: 933.959 Thread 0x000000002af82000 Uncommon trap: reason=class_check action=maybe_recompile pc=0x0000000006a0cfb8 method=com.android.tools.r8.graph.Y0.a(Ljava/util/function/Predicate;Ljava/util/function/Consumer;Lcom/android/tools/r8/graph/W;)Lcom/android/tools/r8/utils/q1; @ 12
Event: 933.961 Thread 0x000000002af82000 Uncommon trap: reason=class_check action=maybe_recompile pc=0x0000000006a0cfb8 method=com.android.tools.r8.graph.Y0.a(Ljava/util/function/Predicate;Ljava/util/function/Consumer;Lcom/android/tools/r8/graph/W;)Lcom/android/tools/r8/utils/q1; @ 12
Event: 934.031 Thread 0x000000002af82000 Uncommon trap: reason=unstable_if action=reinterpret pc=0x0000000006de1ecc method=com.android.tools.r8.graph.g0.computeEquals(Ljava/lang/Object;)Z @ 51
Event: 935.101 Thread 0x000000002af80800 Uncommon trap: reason=uninitialized action=reinterpret pc=0x0000000002f1298c method=com.android.tools.r8.graph.l0.a(Lcom/android/tools/r8/graph/j0;)Lcom/android/tools/r8/graph/l0; @ 135

Classes redefined (0 events):
No events

Internal exceptions (10 events):
Event: 933.272 Thread 0x000000001a561800 Exception <a 'sun/nio/fs/WindowsException'> (0x00000000e989a758) thrown at [C:\src\AOSP-openjdk-git\hotspot\src\share\vm\prims\jni.cpp, line 710]
Event: 933.279 Thread 0x000000001a561800 Exception <a 'sun/nio/fs/WindowsException'> (0x00000000e98e7310) thrown at [C:\src\AOSP-openjdk-git\hotspot\src\share\vm\prims\jni.cpp, line 710]
Event: 933.291 Thread 0x000000001a561800 Exception <a 'sun/nio/fs/WindowsException'> (0x00000000e992efc0) thrown at [C:\src\AOSP-openjdk-git\hotspot\src\share\vm\prims\jni.cpp, line 710]
Event: 933.295 Thread 0x000000001a561800 Exception <a 'sun/nio/fs/WindowsException'> (0x00000000e9977d28) thrown at [C:\src\AOSP-openjdk-git\hotspot\src\share\vm\prims\jni.cpp, line 710]
Event: 933.304 Thread 0x000000001a561800 Exception <a 'sun/nio/fs/WindowsException'> (0x00000000e99c5720) thrown at [C:\src\AOSP-openjdk-git\hotspot\src\share\vm\prims\jni.cpp, line 710]
Event: 933.311 Thread 0x000000001a561800 Exception <a 'sun/nio/fs/WindowsException'> (0x00000000e9a0d440) thrown at [C:\src\AOSP-openjdk-git\hotspot\src\share\vm\prims\jni.cpp, line 710]
Event: 933.323 Thread 0x000000001a561800 Exception <a 'sun/nio/fs/WindowsException'> (0x00000000e9a55070) thrown at [C:\src\AOSP-openjdk-git\hotspot\src\share\vm\prims\jni.cpp, line 710]
Event: 933.498 Thread 0x000000001a55b800 Exception <a 'sun/nio/fs/WindowsException'> (0x00000000e9df22e8) thrown at [C:\src\AOSP-openjdk-git\hotspot\src\share\vm\prims\jni.cpp, line 710]
Event: 933.500 Thread 0x000000001a55b800 Exception <a 'sun/nio/fs/WindowsException'> (0x00000000e9df3018) thrown at [C:\src\AOSP-openjdk-git\hotspot\src\share\vm\prims\jni.cpp, line 710]
Event: 933.576 Thread 0x000000002af80800 Exception <a 'sun/nio/fs/WindowsException'> (0x00000000ea4865b8) thrown at [C:\src\AOSP-openjdk-git\hotspot\src\share\vm\prims\jni.cpp, line 710]

Events (10 events):
Event: 934.953 loading class com/android/tools/r8/graph/Z0 done
Event: 934.954 loading class com/android/tools/r8/graph/W
Event: 934.954 loading class com/android/tools/r8/graph/W done
Event: 934.954 loading class com/android/tools/r8/graph/Z0
Event: 934.954 loading class com/android/tools/r8/graph/Z0 done
Event: 934.986 Executing VM operation: RevokeBias
Event: 934.987 Executing VM operation: RevokeBias done
Event: 935.101 Thread 0x000000002af80800 Uncommon trap: trap_request=0xffffffb5 fr.pc=0x0000000002f1298c
Event: 935.101 Thread 0x000000002af80800 DEOPT PACKING pc=0x0000000002f1298c sp=0x000000003549dc50
Event: 935.101 Thread 0x000000002af80800 DEOPT UNPACKING pc=0x000000000260557b sp=0x000000003549db98 mode 2


Dynamic libraries:
0x00007ff655310000 - 0x00007ff655341000 	C:\Program Files\Android\Android Studio\jre\bin\java.exe
0x00007ffe13b40000 - 0x00007ffe13d30000 	C:\Windows\SYSTEM32\ntdll.dll
0x00007ffe11e60000 - 0x00007ffe11f12000 	C:\Windows\System32\KERNEL32.DLL
0x00007ffe10f40000 - 0x00007ffe111e3000 	C:\Windows\System32\KERNELBASE.dll
0x00007ffe12480000 - 0x00007ffe12523000 	C:\Windows\System32\ADVAPI32.dll
0x00007ffe13800000 - 0x00007ffe1389e000 	C:\Windows\System32\msvcrt.dll
0x00007ffe12f90000 - 0x00007ffe13027000 	C:\Windows\System32\sechost.dll
0x00007ffe13a20000 - 0x00007ffe13b40000 	C:\Windows\System32\RPCRT4.dll
0x00007ffe12de0000 - 0x00007ffe12f74000 	C:\Windows\System32\USER32.dll
0x00007ffe11b60000 - 0x00007ffe11b81000 	C:\Windows\System32\win32u.dll
0x00007ffe123a0000 - 0x00007ffe123c6000 	C:\Windows\System32\GDI32.dll
0x00007ffe10b90000 - 0x00007ffe10d24000 	C:\Windows\System32\gdi32full.dll
0x00007ffe11b90000 - 0x00007ffe11c2e000 	C:\Windows\System32\msvcp_win.dll
0x00007ffe10d30000 - 0x00007ffe10e2a000 	C:\Windows\System32\ucrtbase.dll
0x00007ffdfe850000 - 0x00007ffdfead5000 	C:\Windows\WinSxS\amd64_microsoft.windows.common-controls_6595b64144ccf1df_6.0.18362.535_none_e6c3b34713100821\COMCTL32.dll
0x00007ffe11f20000 - 0x00007ffe12256000 	C:\Windows\System32\combase.dll
0x00007ffe111f0000 - 0x00007ffe11270000 	C:\Windows\System32\bcryptPrimitives.dll
0x00007ffe138a0000 - 0x00007ffe138ce000 	C:\Windows\System32\IMM32.DLL
0x0000000072890000 - 0x0000000072962000 	C:\Program Files\Android\Android Studio\jre\jre\bin\msvcr100.dll
0x0000000072970000 - 0x00000000731bb000 	C:\Program Files\Android\Android Studio\jre\jre\bin\server\jvm.dll
0x00007ffe12f80000 - 0x00007ffe12f88000 	C:\Windows\System32\PSAPI.DLL
0x00007ffe0b5d0000 - 0x00007ffe0b5d9000 	C:\Windows\SYSTEM32\WSOCK32.dll
0x00007ffe0e6a0000 - 0x00007ffe0e6c4000 	C:\Windows\SYSTEM32\WINMM.dll
0x00007ffe13730000 - 0x00007ffe1379f000 	C:\Windows\System32\WS2_32.dll
0x00007ffe0a060000 - 0x00007ffe0a06a000 	C:\Windows\SYSTEM32\VERSION.dll
0x00007ffe0e1f0000 - 0x00007ffe0e21d000 	C:\Windows\SYSTEM32\winmmbase.dll
0x00007ffe10b10000 - 0x00007ffe10b5a000 	C:\Windows\System32\cfgmgr32.dll
0x00007ffe0b5c0000 - 0x00007ffe0b5cf000 	C:\Program Files\Android\Android Studio\jre\jre\bin\verify.dll
0x00007ffdd6d70000 - 0x00007ffdd6d99000 	C:\Program Files\Android\Android Studio\jre\jre\bin\java.dll
0x00007ffddd870000 - 0x00007ffddd886000 	C:\Program Files\Android\Android Studio\jre\jre\bin\zip.dll
0x00007ffe126e0000 - 0x00007ffe12dc5000 	C:\Windows\System32\SHELL32.dll
0x00007ffe13620000 - 0x00007ffe136c9000 	C:\Windows\System32\shcore.dll
0x00007ffe11290000 - 0x00007ffe11a0f000 	C:\Windows\System32\windows.storage.dll
0x00007ffe10a60000 - 0x00007ffe10a7f000 	C:\Windows\System32\profapi.dll
0x00007ffe10aa0000 - 0x00007ffe10aea000 	C:\Windows\System32\powrprof.dll
0x00007ffe10a50000 - 0x00007ffe10a60000 	C:\Windows\System32\UMPDC.dll
0x00007ffe137a0000 - 0x00007ffe137f2000 	C:\Windows\System32\shlwapi.dll
0x00007ffe10a80000 - 0x00007ffe10a91000 	C:\Windows\System32\kernel.appcore.dll
0x00007ffe11270000 - 0x00007ffe11287000 	C:\Windows\System32\cryptsp.dll
0x00007ffdd8ed0000 - 0x00007ffdd8eea000 	C:\Program Files\Android\Android Studio\jre\jre\bin\net.dll
0x00007ffe102c0000 - 0x00007ffe10327000 	C:\Windows\system32\mswsock.dll
0x00007ffdd7a40000 - 0x00007ffdd7a53000 	C:\Program Files\Android\Android Studio\jre\jre\bin\nio.dll
0x00007ffdaa5c0000 - 0x00007ffdaa5e7000 	C:\Users\admin\.gradle\native\f6784746aeab05261644944871eae4fe03e0ef1612fff0a4a95f87b438bc6780\windows-amd64\native-platform.dll
0x00007ffe04a60000 - 0x00007ffe04a6d000 	C:\Program Files\Android\Android Studio\jre\jre\bin\management.dll
0x00007ffe0fdd0000 - 0x00007ffe0fe03000 	C:\Windows\system32\rsaenh.dll
0x00007ffe10b60000 - 0x00007ffe10b86000 	C:\Windows\System32\bcrypt.dll
0x00007ffe10970000 - 0x00007ffe10995000 	C:\Windows\SYSTEM32\USERENV.dll
0x00007ffe10490000 - 0x00007ffe1049c000 	C:\Windows\SYSTEM32\CRYPTBASE.dll
0x00007ffe0ff70000 - 0x00007ffe0ffaa000 	C:\Windows\SYSTEM32\IPHLPAPI.DLL
0x00007ffe130c0000 - 0x00007ffe130c8000 	C:\Windows\System32\NSI.dll
0x00007ffe04cd0000 - 0x00007ffe04ce6000 	C:\Windows\SYSTEM32\dhcpcsvc6.DLL
0x00007ffe04c60000 - 0x00007ffe04c7c000 	C:\Windows\SYSTEM32\dhcpcsvc.DLL
0x00007ffe0ffb0000 - 0x00007ffe1007a000 	C:\Windows\SYSTEM32\DNSAPI.dll
0x00007ffe05330000 - 0x00007ffe0533b000 	C:\Windows\SYSTEM32\WINNSI.DLL
0x00007ffdb56d0000 - 0x00007ffdb56ee000 	C:\Temp\native-platform124553093542185739dir\native-platform.dll
0x00007ffdb4e10000 - 0x00007ffdb4e34000 	C:\Program Files\Android\Android Studio\jre\jre\bin\sunec.dll
0x00007ffe03c20000 - 0x00007ffe03c2a000 	C:\Windows\System32\rasadhlp.dll
0x00007ffe03c80000 - 0x00007ffe03cf7000 	C:\Windows\System32\fwpuclnt.dll
0x00007ffdfca90000 - 0x00007ffdfca9b000 	C:\Program Files\Android\Android Studio\jre\jre\bin\sunmscapi.dll
0x00007ffe11a10000 - 0x00007ffe11b59000 	C:\Windows\System32\CRYPT32.dll
0x00007ffe10af0000 - 0x00007ffe10b02000 	C:\Windows\System32\MSASN1.dll
0x00007ffdaa230000 - 0x00007ffdaa3cc000 	C:\Program Files\Android\Android Studio\jre\jre\bin\awt.dll
0x00007ffe11c30000 - 0x00007ffe11cf4000 	C:\Windows\System32\OLEAUT32.dll
0x00007ffe0f060000 - 0x00007ffe0f08d000 	C:\Windows\SYSTEM32\dwmapi.dll
0x00007ffe0d380000 - 0x00007ffe0d940000 	C:\Windows\SYSTEM32\d2d1.dll
0x00007ffe0e970000 - 0x00007ffe0e9ff000 	C:\Windows\SYSTEM32\apphelp.dll

VM Arguments:
jvm_args: -Xmx2048m -Dfile.encoding=UTF-8 -Duser.country=RU -Duser.language=ru -Duser.variant 
java_command: org.gradle.launcher.daemon.bootstrap.GradleDaemon 6.5
java_class_path (initial): C:\Users\admin\.gradle\wrapper\dists\gradle-6.5-bin\6nifqtx7604sqp1q6g8wikw7p\gradle-6.5\lib\gradle-launcher-6.5.jar
Launcher Type: SUN_STANDARD

Environment Variables:
PATH=C:\Program Files (x86)\Java\jdk-13\bin;C:\Windows\system32;C:\Windows;C:\Windows\System32\Wbem;C:\Windows\System32\WindowsPowerShell\v1.0\;C:\Program Files (x86)\NVIDIA Corporation\PhysX\Common;C:\Program Files\NVIDIA Corporation\NVIDIA NvDLISR;C:\Program Files\dotnet\;C:\Program Files\Microsoft SQL Server\130\Tools\Binn\;C:\Program Files\Microsoft SQL Server\Client SDK\ODBC\170\Tools\Binn\;C:\Program Files\Git\cmd;C:\Windows\System32\OpenSSH\;C:\Users\admin\source\repos\BotDS\BotDS\EXE;C:\Program Files (x86)\Microsoft SQL Server\150\DTS\Binn\;C:\Program Files\Microsoft SQL Server\150\DTS\Binn\;C:\Program Files (x86)\Microsoft SQL Server\150\Tools\Binn\;C:\Program Files\Microsoft SQL Server\150\Tools\Binn\;C:\Users\admin\AppData\Local\Microsoft\WindowsApps;C:\Users\admin\AppData\Local\Programs\Microsoft VS Code\bin;C:\Users\admin\AppData\Local\GitHubDesktop\bin
USERNAME=admin
OS=Windows_NT
PROCESSOR_IDENTIFIER=Intel64 Family 6 Model 142 Stepping 10, GenuineIntel



---------------  S Y S T E M  ---------------

OS: Windows 10.0 , 64 bit Build 18362 (10.0.18362.329)

CPU:total 4 (initial active 4) (2 cores per cpu, 2 threads per core) family 6 model 142 stepping 10, cmov, cx8, fxsr, mmx, sse, sse2, sse3, ssse3, sse4.1, sse4.2, popcnt, avx, avx2, aes, clmul, erms, 3dnowpref, lzcnt, ht, tsc, tscinvbit, bmi1, bmi2, adx

Memory: 4k page, physical 12489956k(1009852k free), swap 16684260k(2140k free)

vm_info: OpenJDK 64-Bit Server VM (25.242-b01) for windows-amd64 JRE (1.8.0_242-release-1644-b01), built by "builder" with MS VC++ 10.0 (VS2010)

time: Wed Nov 10 22:24:21 2021
timezone: RTZ 2 (зима)
elapsed time: 935 seconds (0d 0h 15m 35s)

