  SkillChatServer.cpp
C:\Users\admin\vcpkg\installed\x86-windows\include\uwebsockets\WebSocketProtocol.h(328,68): warning C4244: аргумент: преобразование "T" в "size_t", возможна потеря данных
          with
          [
              T=uint64_t
          ]
C:\Users\admin\vcpkg\installed\x86-windows\include\uwebsockets\WebSocketProtocol.h(435): message : выполняется компиляция ссылки на экземпляр шаблон функции "bool uWS::WebSocketProtocol<true,uWS::WebSocketContext<true,true>>::consumeMessage<14,uint64_t>(T,char *&,unsigned int &,uWS::WebSocketState<true> *,void *)"
          with
          [
              T=uint64_t
          ]
C:\Users\admin\vcpkg\installed\x86-windows\include\uwebsockets\WebSocketProtocol.h(435): message : выполняется компиляция ссылки на экземпляр шаблон функции "bool uWS::WebSocketProtocol<true,uWS::WebSocketContext<true,true>>::consumeMessage<14,uint64_t>(T,char *&,unsigned int &,uWS::WebSocketState<true> *,void *)"
          with
          [
              T=uint64_t
          ]
C:\Users\admin\vcpkg\installed\x86-windows\include\uwebsockets\WebSocketProtocol.h(406): message : во время компиляции функции-члена класс шаблон "void uWS::WebSocketProtocol<true,uWS::WebSocketContext<true,true>>::consume(char *,unsigned int,uWS::WebSocketState<true> *,void *)"
C:\Users\admin\vcpkg\installed\x86-windows\include\uwebsockets\WebSocketContext.h(285): message : выполняется компиляция ссылки на экземпляр шаблон функции "void uWS::WebSocketProtocol<true,uWS::WebSocketContext<true,true>>::consume(char *,unsigned int,uWS::WebSocketState<true> *,void *)"
C:\Users\admin\vcpkg\installed\x86-windows\include\uwebsockets\WebSocketContext.h(285): message : выполняется компиляция ссылки на экземпляр класс шаблон функции "uWS::WebSocketProtocol<true,uWS::WebSocketContext<true,true>>"
C:\Users\admin\vcpkg\installed\x86-windows\include\uwebsockets\WebSocketContext.h(234): message : во время компиляции функции-члена класс шаблон "uWS::WebSocketContext<true,true> *uWS::WebSocketContext<true,true>::init(void)"
C:\Users\admin\vcpkg\installed\x86-windows\include\uwebsockets\WebSocketContext.h(389): message : выполняется компиляция ссылки на экземпляр шаблон функции "uWS::WebSocketContext<true,true> *uWS::WebSocketContext<true,true>::init(void)"
C:\Users\admin\vcpkg\installed\x86-windows\include\uwebsockets\App.h(93): message : выполняется компиляция ссылки на экземпляр класс шаблон функции "uWS::WebSocketContext<true,true>"
C:\Users\admin\vcpkg\installed\x86-windows\include\uwebsockets\App.h(87): message : во время компиляции функции-члена класс шаблон "uWS::TemplatedApp<true>::~TemplatedApp(void)"
C:\Users\admin\source\repos\SkillChatServer\SkillChatServer\SkillChatServer.cpp(871): message : выполняется компиляция ссылки на экземпляр шаблон функции "uWS::TemplatedApp<true>::~TemplatedApp(void)"
C:\Users\admin\source\repos\SkillChatServer\SkillChatServer\SkillChatServer.cpp(215): message : выполняется компиляция ссылки на экземпляр класс шаблон функции "uWS::TemplatedApp<true>"
C:\Users\admin\vcpkg\installed\x86-windows\include\uwebsockets\WebSocketProtocol.h(332,64): warning C4244: аргумент: преобразование "T" в "size_t", возможна потеря данных
          with
          [
              T=uint64_t
          ]
  SkillChatServer.vcxproj -> C:\Users\admin\source\repos\SkillChatServer\Debug\SkillChatServer.exe
